[2021-09-10T09:26:47+08:00][sql] CONNECT:[ UseTime:0.003752s ] mysql:host=127.0.0.1;port=3306;dbname=tp6_com;charset=utf8
[2021-09-10T09:26:47+08:00][sql] SHOW FULL COLUMNS FROM `users` [ RunTime:0.087950s ]
[2021-09-10T09:26:47+08:00][sql] SELECT * FROM `users` [ RunTime:0.000522s ]
[2021-09-10T09:33:38+08:00][sql] CONNECT:[ UseTime:0.001302s ] mysql:host=127.0.0.1;port=3306;dbname=tp6_com;charset=utf8
[2021-09-10T09:33:38+08:00][sql] SHOW FULL COLUMNS FROM `users` [ RunTime:0.001530s ]
[2021-09-10T09:33:38+08:00][sql] SELECT * FROM `users` [ RunTime:0.001127s ]
[2021-09-10T09:33:41+08:00][sql] CONNECT:[ UseTime:0.000844s ] mysql:host=127.0.0.1;port=3306;dbname=tp6_com;charset=utf8
[2021-09-10T09:33:41+08:00][sql] SHOW FULL COLUMNS FROM `ss_links` [ RunTime:0.001889s ]
[2021-09-10T09:33:41+08:00][sql] SELECT * FROM `ss_links` [ RunTime:0.000744s ]
[2021-09-10T09:33:41+08:00][sql] SELECT * FROM `ss_links` WHERE  `uid` = 10 [ RunTime:0.001023s ]
[2021-09-10T09:33:41+08:00][sql] SELECT * FROM `ss_links` WHERE  `uid` = 1 [ RunTime:0.000623s ]
[2021-09-10T09:33:41+08:00][sql] SELECT * FROM `ss_links` WHERE  `uid` = 2 [ RunTime:0.000810s ]
[2021-09-10T09:33:41+08:00][sql] SELECT * FROM `ss_links` WHERE  `uid` = 3 [ RunTime:0.000542s ]
[2021-09-10T09:33:41+08:00][sql] SELECT * FROM `ss_links` WHERE  `uid` = 4 [ RunTime:0.000553s ]
[2021-09-10T09:33:41+08:00][sql] SELECT * FROM `ss_links` WHERE  `uid` = 5 [ RunTime:0.000572s ]
[2021-09-10T09:33:41+08:00][sql] SELECT * FROM `ss_links` WHERE  `uid` = 6 [ RunTime:0.000484s ]
[2021-09-10T09:33:41+08:00][sql] SELECT * FROM `ss_links` WHERE  `uid` = 7 [ RunTime:0.000519s ]
[2021-09-10T09:33:41+08:00][sql] SELECT * FROM `ss_links` WHERE  `uid` = 8 [ RunTime:0.000485s ]
[2021-09-10T09:33:41+08:00][sql] SELECT * FROM `ss_links` WHERE  `uid` = 9 [ RunTime:0.000496s ]
[2021-09-10T09:33:41+08:00][sql] SELECT * FROM `ss_links` WHERE  `uid` = 11 [ RunTime:0.000419s ]
[2021-09-10T09:33:41+08:00][sql] SELECT * FROM `ss_links` WHERE  `uid` = 12 [ RunTime:0.000465s ]
[2021-09-10T09:33:41+08:00][sql] SHOW FULL COLUMNS FROM `music_gedan` [ RunTime:0.001722s ]
[2021-09-10T09:33:41+08:00][sql] SELECT * FROM `music_gedan` WHERE  `moren_uid` = 1 [ RunTime:0.000459s ]
[2021-09-10T09:33:41+08:00][error] [0]Call to undefined function shopToken()[/www/wwwroot/tp6.com/runtime/temp/203deba8f43698ab244971b4b8c895e3.php:68]
[2021-09-10T09:33:53+08:00][sql] CONNECT:[ UseTime:0.000788s ] mysql:host=127.0.0.1;port=3306;dbname=tp6_com;charset=utf8
[2021-09-10T09:33:53+08:00][sql] SHOW FULL COLUMNS FROM `ss_links` [ RunTime:0.000846s ]
[2021-09-10T09:33:53+08:00][sql] SELECT * FROM `ss_links` [ RunTime:0.000663s ]
[2021-09-10T09:33:53+08:00][sql] SELECT * FROM `ss_links` WHERE  `uid` = 10 [ RunTime:0.001195s ]
[2021-09-10T09:33:53+08:00][sql] SELECT * FROM `ss_links` WHERE  `uid` = 1 [ RunTime:0.000896s ]
[2021-09-10T09:33:53+08:00][sql] SELECT * FROM `ss_links` WHERE  `uid` = 2 [ RunTime:0.000560s ]
[2021-09-10T09:33:53+08:00][sql] SELECT * FROM `ss_links` WHERE  `uid` = 3 [ RunTime:0.000711s ]
[2021-09-10T09:33:53+08:00][sql] SELECT * FROM `ss_links` WHERE  `uid` = 4 [ RunTime:0.000602s ]
[2021-09-10T09:33:53+08:00][sql] SELECT * FROM `ss_links` WHERE  `uid` = 5 [ RunTime:0.000566s ]
[2021-09-10T09:33:53+08:00][sql] SELECT * FROM `ss_links` WHERE  `uid` = 6 [ RunTime:0.000538s ]
[2021-09-10T09:33:53+08:00][sql] SELECT * FROM `ss_links` WHERE  `uid` = 7 [ RunTime:0.000667s ]
[2021-09-10T09:33:53+08:00][sql] SELECT * FROM `ss_links` WHERE  `uid` = 8 [ RunTime:0.001165s ]
[2021-09-10T09:33:53+08:00][sql] SELECT * FROM `ss_links` WHERE  `uid` = 9 [ RunTime:0.000640s ]
[2021-09-10T09:33:53+08:00][sql] SELECT * FROM `ss_links` WHERE  `uid` = 11 [ RunTime:0.001138s ]
[2021-09-10T09:33:53+08:00][sql] SELECT * FROM `ss_links` WHERE  `uid` = 12 [ RunTime:0.000686s ]
[2021-09-10T09:33:53+08:00][sql] SHOW FULL COLUMNS FROM `music_gedan` [ RunTime:0.000694s ]
[2021-09-10T09:33:53+08:00][sql] SELECT * FROM `music_gedan` WHERE  `moren_uid` = 1 [ RunTime:0.000440s ]
[2021-09-10T09:33:53+08:00][error] [0]Call to undefined function shopToken()[/www/wwwroot/tp6.com/runtime/temp/203deba8f43698ab244971b4b8c895e3.php:68]
[2021-09-10T09:34:40+08:00][sql] CONNECT:[ UseTime:0.000747s ] mysql:host=127.0.0.1;port=3306;dbname=tp6_com;charset=utf8
[2021-09-10T09:34:40+08:00][sql] SHOW FULL COLUMNS FROM `ss_links` [ RunTime:0.001079s ]
[2021-09-10T09:34:40+08:00][sql] SELECT * FROM `ss_links` [ RunTime:0.001213s ]
[2021-09-10T09:34:41+08:00][sql] CONNECT:[ UseTime:0.000728s ] mysql:host=127.0.0.1;port=3306;dbname=tp6_com;charset=utf8
[2021-09-10T09:34:41+08:00][sql] SHOW FULL COLUMNS FROM `category` [ RunTime:0.002593s ]
[2021-09-10T09:34:41+08:00][sql] SELECT * FROM `category` [ RunTime:0.000480s ]
[2021-09-10T09:35:09+08:00][sql] CONNECT:[ UseTime:0.000745s ] mysql:host=127.0.0.1;port=3306;dbname=tp6_com;charset=utf8
[2021-09-10T09:35:09+08:00][sql] SHOW FULL COLUMNS FROM `users` [ RunTime:0.000821s ]
[2021-09-10T09:35:09+08:00][sql] SELECT * FROM `users` [ RunTime:0.000504s ]
[2021-09-10T09:35:15+08:00][sql] CONNECT:[ UseTime:0.000967s ] mysql:host=127.0.0.1;port=3306;dbname=tp6_com;charset=utf8
[2021-09-10T09:35:15+08:00][sql] SHOW FULL COLUMNS FROM `users` [ RunTime:0.000851s ]
[2021-09-10T09:35:15+08:00][sql] SELECT * FROM `users` [ RunTime:0.000467s ]
[2021-09-10T09:40:05+08:00][sql] CONNECT:[ UseTime:0.001055s ] mysql:host=127.0.0.1;port=3306;dbname=tp6_com;charset=utf8
[2021-09-10T09:40:05+08:00][sql] SHOW FULL COLUMNS FROM `ss_links` [ RunTime:0.000895s ]
[2021-09-10T09:40:05+08:00][sql] SELECT * FROM `ss_links` [ RunTime:0.000690s ]
[2021-09-10T09:40:05+08:00][sql] SELECT * FROM `ss_links` WHERE  `uid` = 10 [ RunTime:0.008465s ]
[2021-09-10T09:40:05+08:00][sql] SELECT * FROM `ss_links` WHERE  `uid` = 1 [ RunTime:0.000765s ]
[2021-09-10T09:40:05+08:00][sql] SELECT * FROM `ss_links` WHERE  `uid` = 2 [ RunTime:0.000626s ]
[2021-09-10T09:40:05+08:00][sql] SELECT * FROM `ss_links` WHERE  `uid` = 3 [ RunTime:0.000637s ]
[2021-09-10T09:40:05+08:00][sql] SELECT * FROM `ss_links` WHERE  `uid` = 4 [ RunTime:0.000658s ]
[2021-09-10T09:40:05+08:00][sql] SELECT * FROM `ss_links` WHERE  `uid` = 5 [ RunTime:0.000889s ]
[2021-09-10T09:40:05+08:00][sql] SELECT * FROM `ss_links` WHERE  `uid` = 6 [ RunTime:0.001409s ]
[2021-09-10T09:40:05+08:00][sql] SELECT * FROM `ss_links` WHERE  `uid` = 7 [ RunTime:0.000878s ]
[2021-09-10T09:40:05+08:00][sql] SELECT * FROM `ss_links` WHERE  `uid` = 8 [ RunTime:0.000821s ]
[2021-09-10T09:40:05+08:00][sql] SELECT * FROM `ss_links` WHERE  `uid` = 9 [ RunTime:0.000630s ]
[2021-09-10T09:40:05+08:00][sql] SELECT * FROM `ss_links` WHERE  `uid` = 11 [ RunTime:0.000587s ]
[2021-09-10T09:40:05+08:00][sql] SELECT * FROM `ss_links` WHERE  `uid` = 12 [ RunTime:0.000640s ]
[2021-09-10T09:40:05+08:00][sql] SHOW FULL COLUMNS FROM `music_gedan` [ RunTime:0.000882s ]
[2021-09-10T09:40:05+08:00][sql] SELECT * FROM `music_gedan` WHERE  `moren_uid` = 1 [ RunTime:0.000489s ]
[2021-09-10T09:40:05+08:00][error] [0]Call to undefined function shopToken()[/www/wwwroot/tp6.com/runtime/temp/203deba8f43698ab244971b4b8c895e3.php:68]
[2021-09-10T09:40:19+08:00][sql] CONNECT:[ UseTime:0.000686s ] mysql:host=127.0.0.1;port=3306;dbname=tp6_com;charset=utf8
[2021-09-10T09:40:19+08:00][sql] SHOW FULL COLUMNS FROM `ss_links` [ RunTime:0.000984s ]
[2021-09-10T09:40:19+08:00][sql] SELECT * FROM `ss_links` [ RunTime:0.000698s ]
[2021-09-10T09:40:19+08:00][sql] SELECT * FROM `ss_links` WHERE  `uid` = 10 [ RunTime:0.000812s ]
[2021-09-10T09:40:19+08:00][sql] SELECT * FROM `ss_links` WHERE  `uid` = 1 [ RunTime:0.000593s ]
[2021-09-10T09:40:19+08:00][sql] SELECT * FROM `ss_links` WHERE  `uid` = 2 [ RunTime:0.000681s ]
[2021-09-10T09:40:19+08:00][sql] SELECT * FROM `ss_links` WHERE  `uid` = 3 [ RunTime:0.000625s ]
[2021-09-10T09:40:19+08:00][sql] SELECT * FROM `ss_links` WHERE  `uid` = 4 [ RunTime:0.000719s ]
[2021-09-10T09:40:19+08:00][sql] SELECT * FROM `ss_links` WHERE  `uid` = 5 [ RunTime:0.001135s ]
[2021-09-10T09:40:19+08:00][sql] SELECT * FROM `ss_links` WHERE  `uid` = 6 [ RunTime:0.000935s ]
[2021-09-10T09:40:19+08:00][sql] SELECT * FROM `ss_links` WHERE  `uid` = 7 [ RunTime:0.000655s ]
[2021-09-10T09:40:19+08:00][sql] SELECT * FROM `ss_links` WHERE  `uid` = 8 [ RunTime:0.000527s ]
[2021-09-10T09:40:19+08:00][sql] SELECT * FROM `ss_links` WHERE  `uid` = 9 [ RunTime:0.000737s ]
[2021-09-10T09:40:19+08:00][sql] SELECT * FROM `ss_links` WHERE  `uid` = 11 [ RunTime:0.000937s ]
[2021-09-10T09:40:19+08:00][sql] SELECT * FROM `ss_links` WHERE  `uid` = 12 [ RunTime:0.000589s ]
[2021-09-10T09:40:19+08:00][sql] SHOW FULL COLUMNS FROM `music_gedan` [ RunTime:0.000917s ]
[2021-09-10T09:40:19+08:00][sql] SELECT * FROM `music_gedan` WHERE  `moren_uid` = 1 [ RunTime:0.000620s ]
[2021-09-10T09:40:19+08:00][error] [0]Call to undefined function shopToken()[/www/wwwroot/tp6.com/runtime/temp/203deba8f43698ab244971b4b8c895e3.php:68]
[2021-09-10T09:40:30+08:00][sql] CONNECT:[ UseTime:0.000661s ] mysql:host=127.0.0.1;port=3306;dbname=tp6_com;charset=utf8
[2021-09-10T09:40:30+08:00][sql] SHOW FULL COLUMNS FROM `ss_links` [ RunTime:0.001293s ]
[2021-09-10T09:40:30+08:00][sql] SELECT * FROM `ss_links` [ RunTime:0.001198s ]
[2021-09-10T09:40:30+08:00][sql] SELECT * FROM `ss_links` WHERE  `uid` = 10 [ RunTime:0.001536s ]
[2021-09-10T09:40:30+08:00][sql] SELECT * FROM `ss_links` WHERE  `uid` = 1 [ RunTime:0.000831s ]
[2021-09-10T09:40:30+08:00][sql] SELECT * FROM `ss_links` WHERE  `uid` = 2 [ RunTime:0.000678s ]
[2021-09-10T09:40:30+08:00][sql] SELECT * FROM `ss_links` WHERE  `uid` = 3 [ RunTime:0.000644s ]
[2021-09-10T09:40:30+08:00][sql] SELECT * FROM `ss_links` WHERE  `uid` = 4 [ RunTime:0.000619s ]
[2021-09-10T09:40:30+08:00][sql] SELECT * FROM `ss_links` WHERE  `uid` = 5 [ RunTime:0.000785s ]
[2021-09-10T09:40:30+08:00][sql] SELECT * FROM `ss_links` WHERE  `uid` = 6 [ RunTime:0.000887s ]
[2021-09-10T09:40:30+08:00][sql] SELECT * FROM `ss_links` WHERE  `uid` = 7 [ RunTime:0.001376s ]
[2021-09-10T09:40:30+08:00][sql] SELECT * FROM `ss_links` WHERE  `uid` = 8 [ RunTime:0.000588s ]
[2021-09-10T09:40:30+08:00][sql] SELECT * FROM `ss_links` WHERE  `uid` = 9 [ RunTime:0.000427s ]
[2021-09-10T09:40:30+08:00][sql] SELECT * FROM `ss_links` WHERE  `uid` = 11 [ RunTime:0.000525s ]
[2021-09-10T09:40:30+08:00][sql] SELECT * FROM `ss_links` WHERE  `uid` = 12 [ RunTime:0.000564s ]
[2021-09-10T09:40:30+08:00][sql] SHOW FULL COLUMNS FROM `music_gedan` [ RunTime:0.000574s ]
[2021-09-10T09:40:30+08:00][sql] SELECT * FROM `music_gedan` WHERE  `moren_uid` = 1 [ RunTime:0.000378s ]
[2021-09-10T09:40:30+08:00][error] [0]Call to undefined function shopToken()[/www/wwwroot/tp6.com/runtime/temp/203deba8f43698ab244971b4b8c895e3.php:68]
[2021-09-10T09:40:40+08:00][sql] CONNECT:[ UseTime:0.000842s ] mysql:host=127.0.0.1;port=3306;dbname=tp6_com;charset=utf8
[2021-09-10T09:40:40+08:00][sql] SHOW FULL COLUMNS FROM `ss_links` [ RunTime:0.001392s ]
[2021-09-10T09:40:40+08:00][sql] SELECT * FROM `ss_links` [ RunTime:0.000926s ]
[2021-09-10T09:40:40+08:00][sql] SELECT * FROM `ss_links` WHERE  `uid` = 10 [ RunTime:0.001110s ]
[2021-09-10T09:40:40+08:00][sql] SELECT * FROM `ss_links` WHERE  `uid` = 1 [ RunTime:0.000667s ]
[2021-09-10T09:40:40+08:00][sql] SELECT * FROM `ss_links` WHERE  `uid` = 2 [ RunTime:0.000665s ]
[2021-09-10T09:40:40+08:00][sql] SELECT * FROM `ss_links` WHERE  `uid` = 3 [ RunTime:0.000827s ]
[2021-09-10T09:40:40+08:00][sql] SELECT * FROM `ss_links` WHERE  `uid` = 4 [ RunTime:0.000684s ]
[2021-09-10T09:40:40+08:00][sql] SELECT * FROM `ss_links` WHERE  `uid` = 5 [ RunTime:0.000714s ]
[2021-09-10T09:40:40+08:00][sql] SELECT * FROM `ss_links` WHERE  `uid` = 6 [ RunTime:0.000790s ]
[2021-09-10T09:40:40+08:00][sql] SELECT * FROM `ss_links` WHERE  `uid` = 7 [ RunTime:0.000654s ]
[2021-09-10T09:40:40+08:00][sql] SELECT * FROM `ss_links` WHERE  `uid` = 8 [ RunTime:0.000582s ]
[2021-09-10T09:40:40+08:00][sql] SELECT * FROM `ss_links` WHERE  `uid` = 9 [ RunTime:0.000529s ]
[2021-09-10T09:40:40+08:00][sql] SELECT * FROM `ss_links` WHERE  `uid` = 11 [ RunTime:0.000468s ]
[2021-09-10T09:40:40+08:00][sql] SELECT * FROM `ss_links` WHERE  `uid` = 12 [ RunTime:0.000599s ]
[2021-09-10T09:40:40+08:00][sql] SHOW FULL COLUMNS FROM `music_gedan` [ RunTime:0.000844s ]
[2021-09-10T09:40:40+08:00][sql] SELECT * FROM `music_gedan` WHERE  `moren_uid` = 1 [ RunTime:0.000687s ]
[2021-09-10T09:40:40+08:00][error] [0]Call to undefined function shopToken()[/www/wwwroot/tp6.com/runtime/temp/203deba8f43698ab244971b4b8c895e3.php:68]
[2021-09-10T09:40:41+08:00][sql] CONNECT:[ UseTime:0.000822s ] mysql:host=127.0.0.1;port=3306;dbname=tp6_com;charset=utf8
[2021-09-10T09:40:41+08:00][sql] SHOW FULL COLUMNS FROM `ss_links` [ RunTime:0.000845s ]
[2021-09-10T09:40:41+08:00][sql] SELECT * FROM `ss_links` [ RunTime:0.000530s ]
[2021-09-10T09:40:41+08:00][sql] SELECT * FROM `ss_links` WHERE  `uid` = 10 [ RunTime:0.000528s ]
[2021-09-10T09:40:41+08:00][sql] SELECT * FROM `ss_links` WHERE  `uid` = 1 [ RunTime:0.000523s ]
[2021-09-10T09:40:41+08:00][sql] SELECT * FROM `ss_links` WHERE  `uid` = 2 [ RunTime:0.000737s ]
[2021-09-10T09:40:41+08:00][sql] SELECT * FROM `ss_links` WHERE  `uid` = 3 [ RunTime:0.000971s ]
[2021-09-10T09:40:41+08:00][sql] SELECT * FROM `ss_links` WHERE  `uid` = 4 [ RunTime:0.001529s ]
[2021-09-10T09:40:41+08:00][sql] SELECT * FROM `ss_links` WHERE  `uid` = 5 [ RunTime:0.001090s ]
[2021-09-10T09:40:41+08:00][sql] SELECT * FROM `ss_links` WHERE  `uid` = 6 [ RunTime:0.000787s ]
[2021-09-10T09:40:41+08:00][sql] SELECT * FROM `ss_links` WHERE  `uid` = 7 [ RunTime:0.001163s ]
[2021-09-10T09:40:41+08:00][sql] SELECT * FROM `ss_links` WHERE  `uid` = 8 [ RunTime:0.000579s ]
[2021-09-10T09:40:41+08:00][sql] SELECT * FROM `ss_links` WHERE  `uid` = 9 [ RunTime:0.000544s ]
[2021-09-10T09:40:41+08:00][sql] SELECT * FROM `ss_links` WHERE  `uid` = 11 [ RunTime:0.000600s ]
[2021-09-10T09:40:41+08:00][sql] SELECT * FROM `ss_links` WHERE  `uid` = 12 [ RunTime:0.000464s ]
[2021-09-10T09:40:41+08:00][sql] SHOW FULL COLUMNS FROM `music_gedan` [ RunTime:0.000711s ]
[2021-09-10T09:40:41+08:00][sql] SELECT * FROM `music_gedan` WHERE  `moren_uid` = 1 [ RunTime:0.000446s ]
[2021-09-10T09:40:41+08:00][error] [0]Call to undefined function shopToken()[/www/wwwroot/tp6.com/runtime/temp/203deba8f43698ab244971b4b8c895e3.php:68]
[2021-09-10T09:41:43+08:00][sql] CONNECT:[ UseTime:0.000775s ] mysql:host=127.0.0.1;port=3306;dbname=tp6_com;charset=utf8
[2021-09-10T09:41:43+08:00][sql] SHOW FULL COLUMNS FROM `ss_links` [ RunTime:0.001301s ]
[2021-09-10T09:41:43+08:00][sql] SELECT * FROM `ss_links` [ RunTime:0.001019s ]
[2021-09-10T09:41:43+08:00][sql] SELECT * FROM `ss_links` WHERE  `uid` = 10 [ RunTime:0.000743s ]
[2021-09-10T09:41:43+08:00][sql] SELECT * FROM `ss_links` WHERE  `uid` = 1 [ RunTime:0.001013s ]
[2021-09-10T09:41:43+08:00][sql] SELECT * FROM `ss_links` WHERE  `uid` = 2 [ RunTime:0.001229s ]
[2021-09-10T09:41:43+08:00][sql] SELECT * FROM `ss_links` WHERE  `uid` = 3 [ RunTime:0.001085s ]
[2021-09-10T09:41:43+08:00][sql] SELECT * FROM `ss_links` WHERE  `uid` = 4 [ RunTime:0.000879s ]
[2021-09-10T09:41:43+08:00][sql] SELECT * FROM `ss_links` WHERE  `uid` = 5 [ RunTime:0.000628s ]
[2021-09-10T09:41:43+08:00][sql] SELECT * FROM `ss_links` WHERE  `uid` = 6 [ RunTime:0.000691s ]
[2021-09-10T09:41:43+08:00][sql] SELECT * FROM `ss_links` WHERE  `uid` = 7 [ RunTime:0.000608s ]
[2021-09-10T09:41:43+08:00][sql] SELECT * FROM `ss_links` WHERE  `uid` = 8 [ RunTime:0.000546s ]
[2021-09-10T09:41:43+08:00][sql] SELECT * FROM `ss_links` WHERE  `uid` = 9 [ RunTime:0.000603s ]
[2021-09-10T09:41:43+08:00][sql] SELECT * FROM `ss_links` WHERE  `uid` = 11 [ RunTime:0.000638s ]
[2021-09-10T09:41:43+08:00][sql] SELECT * FROM `ss_links` WHERE  `uid` = 12 [ RunTime:0.000665s ]
[2021-09-10T09:41:43+08:00][sql] SHOW FULL COLUMNS FROM `music_gedan` [ RunTime:0.001092s ]
[2021-09-10T09:41:43+08:00][sql] SELECT * FROM `music_gedan` WHERE  `moren_uid` = 1 [ RunTime:0.000574s ]
[2021-09-10T09:44:14+08:00][sql] CONNECT:[ UseTime:0.000706s ] mysql:host=127.0.0.1;port=3306;dbname=tp6_com;charset=utf8
[2021-09-10T09:44:14+08:00][sql] SHOW FULL COLUMNS FROM `ss_links` [ RunTime:0.000779s ]
[2021-09-10T09:44:14+08:00][sql] SELECT * FROM `ss_links` [ RunTime:0.000558s ]
[2021-09-10T09:44:14+08:00][sql] SELECT * FROM `ss_links` WHERE  `uid` = 10 [ RunTime:0.000600s ]
[2021-09-10T09:44:14+08:00][sql] SELECT * FROM `ss_links` WHERE  `uid` = 1 [ RunTime:0.000552s ]
[2021-09-10T09:44:14+08:00][sql] SELECT * FROM `ss_links` WHERE  `uid` = 2 [ RunTime:0.000565s ]
[2021-09-10T09:44:14+08:00][sql] SELECT * FROM `ss_links` WHERE  `uid` = 3 [ RunTime:0.000530s ]
[2021-09-10T09:44:14+08:00][sql] SELECT * FROM `ss_links` WHERE  `uid` = 4 [ RunTime:0.000564s ]
[2021-09-10T09:44:14+08:00][sql] SELECT * FROM `ss_links` WHERE  `uid` = 5 [ RunTime:0.000561s ]
[2021-09-10T09:44:14+08:00][sql] SELECT * FROM `ss_links` WHERE  `uid` = 6 [ RunTime:0.000540s ]
[2021-09-10T09:44:14+08:00][sql] SELECT * FROM `ss_links` WHERE  `uid` = 7 [ RunTime:0.000565s ]
[2021-09-10T09:44:14+08:00][sql] SELECT * FROM `ss_links` WHERE  `uid` = 8 [ RunTime:0.000546s ]
[2021-09-10T09:44:14+08:00][sql] SELECT * FROM `ss_links` WHERE  `uid` = 9 [ RunTime:0.000573s ]
[2021-09-10T09:44:14+08:00][sql] SELECT * FROM `ss_links` WHERE  `uid` = 11 [ RunTime:0.000525s ]
[2021-09-10T09:44:14+08:00][sql] SELECT * FROM `ss_links` WHERE  `uid` = 12 [ RunTime:0.000468s ]
[2021-09-10T09:44:14+08:00][sql] SHOW FULL COLUMNS FROM `music_gedan` [ RunTime:0.000775s ]
[2021-09-10T09:44:14+08:00][sql] SELECT * FROM `music_gedan` WHERE  `moren_uid` = 1 [ RunTime:0.000499s ]
[2021-09-10T09:44:43+08:00][sql] CONNECT:[ UseTime:0.000727s ] mysql:host=127.0.0.1;port=3306;dbname=tp6_com;charset=utf8
[2021-09-10T09:44:43+08:00][sql] SHOW FULL COLUMNS FROM `ss_links` [ RunTime:0.000720s ]
[2021-09-10T09:44:43+08:00][sql] SELECT * FROM `ss_links` [ RunTime:0.000527s ]
[2021-09-10T09:44:43+08:00][sql] SELECT * FROM `ss_links` WHERE  `uid` = 10 [ RunTime:0.000592s ]
[2021-09-10T09:44:43+08:00][sql] SELECT * FROM `ss_links` WHERE  `uid` = 1 [ RunTime:0.000524s ]
[2021-09-10T09:44:43+08:00][sql] SELECT * FROM `ss_links` WHERE  `uid` = 2 [ RunTime:0.000537s ]
[2021-09-10T09:44:43+08:00][sql] SELECT * FROM `ss_links` WHERE  `uid` = 3 [ RunTime:0.000488s ]
[2021-09-10T09:44:43+08:00][sql] SELECT * FROM `ss_links` WHERE  `uid` = 4 [ RunTime:0.000536s ]
[2021-09-10T09:44:43+08:00][sql] SELECT * FROM `ss_links` WHERE  `uid` = 5 [ RunTime:0.000532s ]
[2021-09-10T09:44:43+08:00][sql] SELECT * FROM `ss_links` WHERE  `uid` = 6 [ RunTime:0.000524s ]
[2021-09-10T09:44:43+08:00][sql] SELECT * FROM `ss_links` WHERE  `uid` = 7 [ RunTime:0.000630s ]
[2021-09-10T09:44:43+08:00][sql] SELECT * FROM `ss_links` WHERE  `uid` = 8 [ RunTime:0.000819s ]
[2021-09-10T09:44:43+08:00][sql] SELECT * FROM `ss_links` WHERE  `uid` = 9 [ RunTime:0.000974s ]
[2021-09-10T09:44:43+08:00][sql] SELECT * FROM `ss_links` WHERE  `uid` = 11 [ RunTime:0.000667s ]
[2021-09-10T09:44:43+08:00][sql] SELECT * FROM `ss_links` WHERE  `uid` = 12 [ RunTime:0.000589s ]
[2021-09-10T09:44:43+08:00][sql] SHOW FULL COLUMNS FROM `music_gedan` [ RunTime:0.000780s ]
[2021-09-10T09:44:43+08:00][sql] SELECT * FROM `music_gedan` WHERE  `moren_uid` = 1 [ RunTime:0.000453s ]
[2021-09-10T09:45:19+08:00][sql] CONNECT:[ UseTime:0.000755s ] mysql:host=127.0.0.1;port=3306;dbname=tp6_com;charset=utf8
[2021-09-10T09:45:19+08:00][sql] SHOW FULL COLUMNS FROM `ss_links` [ RunTime:0.000760s ]
[2021-09-10T09:45:19+08:00][sql] SELECT * FROM `ss_links` [ RunTime:0.000601s ]
[2021-09-10T09:45:19+08:00][sql] SELECT * FROM `ss_links` WHERE  `uid` = 10 [ RunTime:0.000576s ]
[2021-09-10T09:45:19+08:00][sql] SELECT * FROM `ss_links` WHERE  `uid` = 1 [ RunTime:0.000489s ]
[2021-09-10T09:45:19+08:00][sql] SELECT * FROM `ss_links` WHERE  `uid` = 2 [ RunTime:0.000570s ]
[2021-09-10T09:45:19+08:00][sql] SELECT * FROM `ss_links` WHERE  `uid` = 3 [ RunTime:0.000711s ]
[2021-09-10T09:45:19+08:00][sql] SELECT * FROM `ss_links` WHERE  `uid` = 4 [ RunTime:0.000624s ]
[2021-09-10T09:45:19+08:00][sql] SELECT * FROM `ss_links` WHERE  `uid` = 5 [ RunTime:0.000492s ]
[2021-09-10T09:45:19+08:00][sql] SELECT * FROM `ss_links` WHERE  `uid` = 6 [ RunTime:0.000622s ]
[2021-09-10T09:45:19+08:00][sql] SELECT * FROM `ss_links` WHERE  `uid` = 7 [ RunTime:0.000812s ]
[2021-09-10T09:45:19+08:00][sql] SELECT * FROM `ss_links` WHERE  `uid` = 8 [ RunTime:0.001222s ]
[2021-09-10T09:45:19+08:00][sql] SELECT * FROM `ss_links` WHERE  `uid` = 9 [ RunTime:0.000963s ]
[2021-09-10T09:45:19+08:00][sql] SELECT * FROM `ss_links` WHERE  `uid` = 11 [ RunTime:0.000684s ]
[2021-09-10T09:45:19+08:00][sql] SELECT * FROM `ss_links` WHERE  `uid` = 12 [ RunTime:0.000543s ]
[2021-09-10T09:45:19+08:00][sql] SHOW FULL COLUMNS FROM `music_gedan` [ RunTime:0.000739s ]
[2021-09-10T09:45:19+08:00][sql] SELECT * FROM `music_gedan` WHERE  `moren_uid` = 1 [ RunTime:0.000467s ]
[2021-09-10T09:55:18+08:00][sql] CONNECT:[ UseTime:0.000895s ] mysql:host=127.0.0.1;port=3306;dbname=tp6_com;charset=utf8
[2021-09-10T09:55:18+08:00][sql] SHOW FULL COLUMNS FROM `ss_links` [ RunTime:0.001649s ]
[2021-09-10T09:55:18+08:00][sql] SELECT * FROM `ss_links` [ RunTime:0.000571s ]
[2021-09-10T09:55:18+08:00][sql] SELECT * FROM `ss_links` WHERE  `uid` = 10 [ RunTime:0.000889s ]
[2021-09-10T09:55:18+08:00][sql] SELECT * FROM `ss_links` WHERE  `uid` = 1 [ RunTime:0.000589s ]
[2021-09-10T09:55:18+08:00][sql] SELECT * FROM `ss_links` WHERE  `uid` = 2 [ RunTime:0.000599s ]
[2021-09-10T09:55:18+08:00][sql] SELECT * FROM `ss_links` WHERE  `uid` = 3 [ RunTime:0.000570s ]
[2021-09-10T09:55:18+08:00][sql] SELECT * FROM `ss_links` WHERE  `uid` = 4 [ RunTime:0.000739s ]
[2021-09-10T09:55:18+08:00][sql] SELECT * FROM `ss_links` WHERE  `uid` = 5 [ RunTime:0.000533s ]
[2021-09-10T09:55:18+08:00][sql] SELECT * FROM `ss_links` WHERE  `uid` = 6 [ RunTime:0.000556s ]
[2021-09-10T09:55:18+08:00][sql] SELECT * FROM `ss_links` WHERE  `uid` = 7 [ RunTime:0.000539s ]
[2021-09-10T09:55:18+08:00][sql] SELECT * FROM `ss_links` WHERE  `uid` = 8 [ RunTime:0.000559s ]
[2021-09-10T09:55:18+08:00][sql] SELECT * FROM `ss_links` WHERE  `uid` = 9 [ RunTime:0.000576s ]
[2021-09-10T09:55:18+08:00][sql] SELECT * FROM `ss_links` WHERE  `uid` = 11 [ RunTime:0.000543s ]
[2021-09-10T09:55:18+08:00][sql] SELECT * FROM `ss_links` WHERE  `uid` = 12 [ RunTime:0.000558s ]
[2021-09-10T09:55:18+08:00][sql] SHOW FULL COLUMNS FROM `music_gedan` [ RunTime:0.000796s ]
[2021-09-10T09:55:18+08:00][sql] SELECT * FROM `music_gedan` WHERE  `moren_uid` = 1 [ RunTime:0.000536s ]
[2021-09-10T09:56:16+08:00][sql] CONNECT:[ UseTime:0.000761s ] mysql:host=127.0.0.1;port=3306;dbname=tp6_com;charset=utf8
[2021-09-10T09:56:16+08:00][sql] SHOW FULL COLUMNS FROM `ss_links` [ RunTime:0.001077s ]
[2021-09-10T09:56:16+08:00][sql] SELECT * FROM `ss_links` [ RunTime:0.001390s ]
[2021-09-10T09:56:16+08:00][sql] SELECT * FROM `ss_links` WHERE  `uid` = 10 [ RunTime:0.001404s ]
[2021-09-10T09:56:16+08:00][sql] SELECT * FROM `ss_links` WHERE  `uid` = 1 [ RunTime:0.000563s ]
[2021-09-10T09:56:16+08:00][sql] SELECT * FROM `ss_links` WHERE  `uid` = 2 [ RunTime:0.000532s ]
[2021-09-10T09:56:16+08:00][sql] SELECT * FROM `ss_links` WHERE  `uid` = 3 [ RunTime:0.000539s ]
[2021-09-10T09:56:16+08:00][sql] SELECT * FROM `ss_links` WHERE  `uid` = 4 [ RunTime:0.000540s ]
[2021-09-10T09:56:16+08:00][sql] SELECT * FROM `ss_links` WHERE  `uid` = 5 [ RunTime:0.000591s ]
[2021-09-10T09:56:16+08:00][sql] SELECT * FROM `ss_links` WHERE  `uid` = 6 [ RunTime:0.000649s ]
[2021-09-10T09:56:16+08:00][sql] SELECT * FROM `ss_links` WHERE  `uid` = 7 [ RunTime:0.000508s ]
[2021-09-10T09:56:16+08:00][sql] SELECT * FROM `ss_links` WHERE  `uid` = 8 [ RunTime:0.000478s ]
[2021-09-10T09:56:16+08:00][sql] SELECT * FROM `ss_links` WHERE  `uid` = 9 [ RunTime:0.000463s ]
[2021-09-10T09:56:16+08:00][sql] SELECT * FROM `ss_links` WHERE  `uid` = 11 [ RunTime:0.000482s ]
[2021-09-10T09:56:16+08:00][sql] SELECT * FROM `ss_links` WHERE  `uid` = 12 [ RunTime:0.000451s ]
[2021-09-10T09:56:16+08:00][sql] SHOW FULL COLUMNS FROM `music_gedan` [ RunTime:0.001132s ]
[2021-09-10T09:56:16+08:00][sql] SELECT * FROM `music_gedan` WHERE  `moren_uid` = 1 [ RunTime:0.000459s ]
[2021-09-10T10:34:48+08:00][sql] CONNECT:[ UseTime:0.001189s ] mysql:host=127.0.0.1;port=3306;dbname=tp6_com;charset=utf8
[2021-09-10T10:34:48+08:00][sql] SHOW FULL COLUMNS FROM `ss_links` [ RunTime:0.001371s ]
[2021-09-10T10:34:48+08:00][sql] SELECT * FROM `ss_links` [ RunTime:0.000646s ]
[2021-09-10T10:34:48+08:00][sql] SELECT * FROM `ss_links` WHERE  `uid` = 10 [ RunTime:0.000560s ]
[2021-09-10T10:34:48+08:00][sql] SELECT * FROM `ss_links` WHERE  `uid` = 1 [ RunTime:0.000522s ]
[2021-09-10T10:34:48+08:00][sql] SELECT * FROM `ss_links` WHERE  `uid` = 2 [ RunTime:0.000490s ]
[2021-09-10T10:34:48+08:00][sql] SELECT * FROM `ss_links` WHERE  `uid` = 3 [ RunTime:0.000527s ]
[2021-09-10T10:34:48+08:00][sql] SELECT * FROM `ss_links` WHERE  `uid` = 4 [ RunTime:0.000511s ]
[2021-09-10T10:34:48+08:00][sql] SELECT * FROM `ss_links` WHERE  `uid` = 5 [ RunTime:0.000489s ]
[2021-09-10T10:34:48+08:00][sql] SELECT * FROM `ss_links` WHERE  `uid` = 6 [ RunTime:0.000550s ]
[2021-09-10T10:34:48+08:00][sql] SELECT * FROM `ss_links` WHERE  `uid` = 7 [ RunTime:0.000507s ]
[2021-09-10T10:34:48+08:00][sql] SELECT * FROM `ss_links` WHERE  `uid` = 8 [ RunTime:0.000496s ]
[2021-09-10T10:34:48+08:00][sql] SELECT * FROM `ss_links` WHERE  `uid` = 9 [ RunTime:0.000524s ]
[2021-09-10T10:34:48+08:00][sql] SELECT * FROM `ss_links` WHERE  `uid` = 11 [ RunTime:0.000472s ]
[2021-09-10T10:34:48+08:00][sql] SELECT * FROM `ss_links` WHERE  `uid` = 12 [ RunTime:0.000431s ]
[2021-09-10T10:34:48+08:00][sql] SHOW FULL COLUMNS FROM `music_gedan` [ RunTime:0.000577s ]
[2021-09-10T10:34:48+08:00][sql] SELECT * FROM `music_gedan` WHERE  `moren_uid` = 1 [ RunTime:0.000538s ]
[2021-09-10T11:00:54+08:00][sql] CONNECT:[ UseTime:0.001086s ] mysql:host=127.0.0.1;port=3306;dbname=tp6_com;charset=utf8
[2021-09-10T11:00:54+08:00][sql] SHOW FULL COLUMNS FROM `ss_links` [ RunTime:0.001362s ]
[2021-09-10T11:00:54+08:00][sql] SELECT * FROM `ss_links` [ RunTime:0.000619s ]
[2021-09-10T11:00:54+08:00][sql] SELECT * FROM `ss_links` WHERE  `uid` = 10 [ RunTime:0.001010s ]
[2021-09-10T11:00:54+08:00][sql] SELECT * FROM `ss_links` WHERE  `uid` = 1 [ RunTime:0.000546s ]
[2021-09-10T11:00:54+08:00][sql] SELECT * FROM `ss_links` WHERE  `uid` = 2 [ RunTime:0.000450s ]
[2021-09-10T11:00:54+08:00][sql] SELECT * FROM `ss_links` WHERE  `uid` = 3 [ RunTime:0.000442s ]
[2021-09-10T11:00:54+08:00][sql] SELECT * FROM `ss_links` WHERE  `uid` = 4 [ RunTime:0.000512s ]
[2021-09-10T11:00:54+08:00][sql] SELECT * FROM `ss_links` WHERE  `uid` = 5 [ RunTime:0.000445s ]
[2021-09-10T11:00:54+08:00][sql] SELECT * FROM `ss_links` WHERE  `uid` = 6 [ RunTime:0.000485s ]
[2021-09-10T11:00:54+08:00][sql] SELECT * FROM `ss_links` WHERE  `uid` = 7 [ RunTime:0.000475s ]
[2021-09-10T11:00:54+08:00][sql] SELECT * FROM `ss_links` WHERE  `uid` = 8 [ RunTime:0.000463s ]
[2021-09-10T11:00:54+08:00][sql] SELECT * FROM `ss_links` WHERE  `uid` = 9 [ RunTime:0.000459s ]
[2021-09-10T11:00:54+08:00][sql] SELECT * FROM `ss_links` WHERE  `uid` = 11 [ RunTime:0.000430s ]
[2021-09-10T11:00:54+08:00][sql] SELECT * FROM `ss_links` WHERE  `uid` = 12 [ RunTime:0.000404s ]
[2021-09-10T11:00:54+08:00][sql] SHOW FULL COLUMNS FROM `music_gedan` [ RunTime:0.000650s ]
[2021-09-10T11:00:54+08:00][sql] SELECT * FROM `music_gedan` WHERE  `moren_uid` = 1 [ RunTime:0.000458s ]
[2021-09-10T11:01:02+08:00][sql] CONNECT:[ UseTime:0.000733s ] mysql:host=127.0.0.1;port=3306;dbname=tp6_com;charset=utf8
[2021-09-10T11:01:02+08:00][sql] SHOW FULL COLUMNS FROM `ss_links` [ RunTime:0.000805s ]
[2021-09-10T11:01:02+08:00][sql] SELECT * FROM `ss_links` [ RunTime:0.000520s ]
[2021-09-10T11:01:02+08:00][sql] SELECT * FROM `ss_links` WHERE  `uid` = 10 [ RunTime:0.000446s ]
[2021-09-10T11:01:02+08:00][sql] SELECT * FROM `ss_links` WHERE  `uid` = 1 [ RunTime:0.000513s ]
[2021-09-10T11:01:02+08:00][sql] SELECT * FROM `ss_links` WHERE  `uid` = 2 [ RunTime:0.000540s ]
[2021-09-10T11:01:02+08:00][sql] SELECT * FROM `ss_links` WHERE  `uid` = 3 [ RunTime:0.000510s ]
[2021-09-10T11:01:02+08:00][sql] SELECT * FROM `ss_links` WHERE  `uid` = 4 [ RunTime:0.000493s ]
[2021-09-10T11:01:02+08:00][sql] SELECT * FROM `ss_links` WHERE  `uid` = 5 [ RunTime:0.000767s ]
[2021-09-10T11:01:02+08:00][sql] SELECT * FROM `ss_links` WHERE  `uid` = 6 [ RunTime:0.001162s ]
[2021-09-10T11:01:02+08:00][sql] SELECT * FROM `ss_links` WHERE  `uid` = 7 [ RunTime:0.001065s ]
[2021-09-10T11:01:02+08:00][sql] SELECT * FROM `ss_links` WHERE  `uid` = 8 [ RunTime:0.000692s ]
[2021-09-10T11:01:02+08:00][sql] SELECT * FROM `ss_links` WHERE  `uid` = 9 [ RunTime:0.000493s ]
[2021-09-10T11:01:02+08:00][sql] SELECT * FROM `ss_links` WHERE  `uid` = 11 [ RunTime:0.000528s ]
[2021-09-10T11:01:02+08:00][sql] SELECT * FROM `ss_links` WHERE  `uid` = 12 [ RunTime:0.000479s ]
[2021-09-10T11:01:02+08:00][sql] SHOW FULL COLUMNS FROM `music_gedan` [ RunTime:0.000729s ]
[2021-09-10T11:01:02+08:00][sql] SELECT * FROM `music_gedan` WHERE  `moren_uid` = 1 [ RunTime:0.000464s ]
[2021-09-10T11:09:34+08:00][sql] CONNECT:[ UseTime:0.001128s ] mysql:host=127.0.0.1;port=3306;dbname=tp6_com;charset=utf8
[2021-09-10T11:09:34+08:00][sql] SHOW FULL COLUMNS FROM `ss_links` [ RunTime:0.001245s ]
[2021-09-10T11:09:34+08:00][sql] SELECT * FROM `ss_links` [ RunTime:0.000485s ]
[2021-09-10T11:09:34+08:00][sql] SELECT * FROM `ss_links` WHERE  `uid` = 10 [ RunTime:0.001371s ]
[2021-09-10T11:09:34+08:00][sql] SELECT * FROM `ss_links` WHERE  `uid` = 1 [ RunTime:0.000925s ]
[2021-09-10T11:09:34+08:00][sql] SELECT * FROM `ss_links` WHERE  `uid` = 2 [ RunTime:0.000717s ]
[2021-09-10T11:09:34+08:00][sql] SELECT * FROM `ss_links` WHERE  `uid` = 3 [ RunTime:0.000516s ]
[2021-09-10T11:09:34+08:00][sql] SELECT * FROM `ss_links` WHERE  `uid` = 4 [ RunTime:0.000431s ]
[2021-09-10T11:09:34+08:00][sql] SELECT * FROM `ss_links` WHERE  `uid` = 5 [ RunTime:0.000412s ]
[2021-09-10T11:09:34+08:00][sql] SELECT * FROM `ss_links` WHERE  `uid` = 6 [ RunTime:0.000406s ]
[2021-09-10T11:09:34+08:00][sql] SELECT * FROM `ss_links` WHERE  `uid` = 7 [ RunTime:0.000447s ]
[2021-09-10T11:09:34+08:00][sql] SELECT * FROM `ss_links` WHERE  `uid` = 8 [ RunTime:0.000388s ]
[2021-09-10T11:09:34+08:00][sql] SELECT * FROM `ss_links` WHERE  `uid` = 9 [ RunTime:0.000464s ]
[2021-09-10T11:09:34+08:00][sql] SELECT * FROM `ss_links` WHERE  `uid` = 11 [ RunTime:0.000398s ]
[2021-09-10T11:09:34+08:00][sql] SELECT * FROM `ss_links` WHERE  `uid` = 12 [ RunTime:0.000496s ]
[2021-09-10T11:09:34+08:00][sql] SHOW FULL COLUMNS FROM `music_gedan` [ RunTime:0.000753s ]
[2021-09-10T11:09:34+08:00][sql] SELECT * FROM `music_gedan` WHERE  `moren_uid` = 1 [ RunTime:0.000396s ]
[2021-09-10T11:10:35+08:00][sql] CONNECT:[ UseTime:0.000773s ] mysql:host=127.0.0.1;port=3306;dbname=tp6_com;charset=utf8
[2021-09-10T11:10:35+08:00][sql] SHOW FULL COLUMNS FROM `ss_links` [ RunTime:0.000872s ]
[2021-09-10T11:10:35+08:00][sql] SELECT * FROM `ss_links` [ RunTime:0.000628s ]
[2021-09-10T11:10:35+08:00][sql] SELECT * FROM `ss_links` WHERE  `uid` = 10 [ RunTime:0.000736s ]
[2021-09-10T11:10:35+08:00][sql] SELECT * FROM `ss_links` WHERE  `uid` = 1 [ RunTime:0.000610s ]
[2021-09-10T11:10:35+08:00][sql] SELECT * FROM `ss_links` WHERE  `uid` = 2 [ RunTime:0.000701s ]
[2021-09-10T11:10:35+08:00][sql] SELECT * FROM `ss_links` WHERE  `uid` = 3 [ RunTime:0.000656s ]
[2021-09-10T11:10:35+08:00][sql] SELECT * FROM `ss_links` WHERE  `uid` = 4 [ RunTime:0.000710s ]
[2021-09-10T11:10:35+08:00][sql] SELECT * FROM `ss_links` WHERE  `uid` = 5 [ RunTime:0.000805s ]
[2021-09-10T11:10:35+08:00][sql] SELECT * FROM `ss_links` WHERE  `uid` = 6 [ RunTime:0.000655s ]
[2021-09-10T11:10:35+08:00][sql] SELECT * FROM `ss_links` WHERE  `uid` = 7 [ RunTime:0.000632s ]
[2021-09-10T11:10:35+08:00][sql] SELECT * FROM `ss_links` WHERE  `uid` = 8 [ RunTime:0.000480s ]
[2021-09-10T11:10:35+08:00][sql] SELECT * FROM `ss_links` WHERE  `uid` = 9 [ RunTime:0.001025s ]
[2021-09-10T11:10:35+08:00][sql] SELECT * FROM `ss_links` WHERE  `uid` = 11 [ RunTime:0.001130s ]
[2021-09-10T11:10:35+08:00][sql] SELECT * FROM `ss_links` WHERE  `uid` = 12 [ RunTime:0.001073s ]
[2021-09-10T11:10:35+08:00][sql] SHOW FULL COLUMNS FROM `music_gedan` [ RunTime:0.000966s ]
[2021-09-10T11:10:35+08:00][sql] SELECT * FROM `music_gedan` WHERE  `moren_uid` = 1 [ RunTime:0.000746s ]
[2021-09-10T11:10:44+08:00][sql] CONNECT:[ UseTime:0.000663s ] mysql:host=127.0.0.1;port=3306;dbname=tp6_com;charset=utf8
[2021-09-10T11:10:44+08:00][sql] SHOW FULL COLUMNS FROM `ss_links` [ RunTime:0.000686s ]
[2021-09-10T11:10:44+08:00][sql] SELECT * FROM `ss_links` [ RunTime:0.001122s ]
[2021-09-10T11:10:44+08:00][sql] SELECT * FROM `ss_links` WHERE  `uid` = 10 [ RunTime:0.000877s ]
[2021-09-10T11:10:44+08:00][sql] SELECT * FROM `ss_links` WHERE  `uid` = 1 [ RunTime:0.000584s ]
[2021-09-10T11:10:44+08:00][sql] SELECT * FROM `ss_links` WHERE  `uid` = 2 [ RunTime:0.000528s ]
[2021-09-10T11:10:44+08:00][sql] SELECT * FROM `ss_links` WHERE  `uid` = 3 [ RunTime:0.000613s ]
[2021-09-10T11:10:44+08:00][sql] SELECT * FROM `ss_links` WHERE  `uid` = 4 [ RunTime:0.000597s ]
[2021-09-10T11:10:44+08:00][sql] SELECT * FROM `ss_links` WHERE  `uid` = 5 [ RunTime:0.000599s ]
[2021-09-10T11:10:44+08:00][sql] SELECT * FROM `ss_links` WHERE  `uid` = 6 [ RunTime:0.000761s ]
[2021-09-10T11:10:44+08:00][sql] SELECT * FROM `ss_links` WHERE  `uid` = 7 [ RunTime:0.000577s ]
[2021-09-10T11:10:44+08:00][sql] SELECT * FROM `ss_links` WHERE  `uid` = 8 [ RunTime:0.000521s ]
[2021-09-10T11:10:44+08:00][sql] SELECT * FROM `ss_links` WHERE  `uid` = 9 [ RunTime:0.000528s ]
[2021-09-10T11:10:44+08:00][sql] SELECT * FROM `ss_links` WHERE  `uid` = 11 [ RunTime:0.000507s ]
[2021-09-10T11:10:44+08:00][sql] SELECT * FROM `ss_links` WHERE  `uid` = 12 [ RunTime:0.000515s ]
[2021-09-10T11:10:44+08:00][sql] SHOW FULL COLUMNS FROM `music_gedan` [ RunTime:0.000687s ]
[2021-09-10T11:10:44+08:00][sql] SELECT * FROM `music_gedan` WHERE  `moren_uid` = 1 [ RunTime:0.000741s ]
[2021-09-10T11:12:30+08:00][sql] CONNECT:[ UseTime:0.001563s ] mysql:host=127.0.0.1;port=3306;dbname=tp6_com;charset=utf8
[2021-09-10T11:12:30+08:00][sql] SHOW FULL COLUMNS FROM `ss_links` [ RunTime:0.001180s ]
[2021-09-10T11:12:30+08:00][sql] SELECT * FROM `ss_links` [ RunTime:0.000863s ]
[2021-09-10T11:12:30+08:00][sql] SELECT * FROM `ss_links` WHERE  `uid` = 10 [ RunTime:0.000723s ]
[2021-09-10T11:12:30+08:00][sql] SELECT * FROM `ss_links` WHERE  `uid` = 1 [ RunTime:0.000749s ]
[2021-09-10T11:12:30+08:00][sql] SELECT * FROM `ss_links` WHERE  `uid` = 2 [ RunTime:0.000839s ]
[2021-09-10T11:12:30+08:00][sql] SELECT * FROM `ss_links` WHERE  `uid` = 3 [ RunTime:0.000622s ]
[2021-09-10T11:12:30+08:00][sql] SELECT * FROM `ss_links` WHERE  `uid` = 4 [ RunTime:0.000748s ]
[2021-09-10T11:12:30+08:00][sql] SELECT * FROM `ss_links` WHERE  `uid` = 5 [ RunTime:0.000607s ]
[2021-09-10T11:12:30+08:00][sql] SELECT * FROM `ss_links` WHERE  `uid` = 6 [ RunTime:0.001254s ]
[2021-09-10T11:12:30+08:00][sql] SELECT * FROM `ss_links` WHERE  `uid` = 7 [ RunTime:0.001941s ]
[2021-09-10T11:12:30+08:00][sql] SELECT * FROM `ss_links` WHERE  `uid` = 8 [ RunTime:0.000935s ]
[2021-09-10T11:12:30+08:00][sql] SELECT * FROM `ss_links` WHERE  `uid` = 9 [ RunTime:0.000593s ]
[2021-09-10T11:12:30+08:00][sql] SELECT * FROM `ss_links` WHERE  `uid` = 11 [ RunTime:0.000607s ]
[2021-09-10T11:12:30+08:00][sql] SELECT * FROM `ss_links` WHERE  `uid` = 12 [ RunTime:0.000590s ]
[2021-09-10T11:12:30+08:00][sql] SHOW FULL COLUMNS FROM `music_gedan` [ RunTime:0.001641s ]
[2021-09-10T11:12:30+08:00][sql] SELECT * FROM `music_gedan` WHERE  `moren_uid` = 1 [ RunTime:0.000633s ]
[2021-09-10T11:12:33+08:00][sql] CONNECT:[ UseTime:0.000668s ] mysql:host=127.0.0.1;port=3306;dbname=tp6_com;charset=utf8
[2021-09-10T11:12:33+08:00][sql] SHOW FULL COLUMNS FROM `ss_links` [ RunTime:0.000769s ]
[2021-09-10T11:12:33+08:00][sql] SELECT * FROM `ss_links` [ RunTime:0.000588s ]
[2021-09-10T11:12:33+08:00][sql] SELECT * FROM `ss_links` WHERE  `uid` = 10 [ RunTime:0.000595s ]
[2021-09-10T11:12:33+08:00][sql] SELECT * FROM `ss_links` WHERE  `uid` = 1 [ RunTime:0.000494s ]
[2021-09-10T11:12:33+08:00][sql] SELECT * FROM `ss_links` WHERE  `uid` = 2 [ RunTime:0.000516s ]
[2021-09-10T11:12:33+08:00][sql] SELECT * FROM `ss_links` WHERE  `uid` = 3 [ RunTime:0.000660s ]
[2021-09-10T11:12:33+08:00][sql] SELECT * FROM `ss_links` WHERE  `uid` = 4 [ RunTime:0.000807s ]
[2021-09-10T11:12:33+08:00][sql] SELECT * FROM `ss_links` WHERE  `uid` = 5 [ RunTime:0.000540s ]
[2021-09-10T11:12:33+08:00][sql] SELECT * FROM `ss_links` WHERE  `uid` = 6 [ RunTime:0.000912s ]
[2021-09-10T11:12:33+08:00][sql] SELECT * FROM `ss_links` WHERE  `uid` = 7 [ RunTime:0.001088s ]
[2021-09-10T11:12:33+08:00][sql] SELECT * FROM `ss_links` WHERE  `uid` = 8 [ RunTime:0.001032s ]
[2021-09-10T11:12:33+08:00][sql] SELECT * FROM `ss_links` WHERE  `uid` = 9 [ RunTime:0.000808s ]
[2021-09-10T11:12:33+08:00][sql] SELECT * FROM `ss_links` WHERE  `uid` = 11 [ RunTime:0.000494s ]
[2021-09-10T11:12:33+08:00][sql] SELECT * FROM `ss_links` WHERE  `uid` = 12 [ RunTime:0.000718s ]
[2021-09-10T11:12:33+08:00][sql] SHOW FULL COLUMNS FROM `music_gedan` [ RunTime:0.001126s ]
[2021-09-10T11:12:33+08:00][sql] SELECT * FROM `music_gedan` WHERE  `moren_uid` = 1 [ RunTime:0.000541s ]
[2021-09-10T11:14:06+08:00][sql] CONNECT:[ UseTime:0.000519s ] mysql:host=127.0.0.1;port=3306;dbname=tp6_com;charset=utf8
[2021-09-10T11:14:06+08:00][sql] SHOW FULL COLUMNS FROM `ss_links` [ RunTime:0.000703s ]
[2021-09-10T11:14:06+08:00][sql] SELECT * FROM `ss_links` [ RunTime:0.000502s ]
[2021-09-10T11:14:06+08:00][sql] SELECT * FROM `ss_links` WHERE  `uid` = 10 [ RunTime:0.000447s ]
[2021-09-10T11:14:06+08:00][sql] SELECT * FROM `ss_links` WHERE  `uid` = 1 [ RunTime:0.000248s ]
[2021-09-10T11:14:06+08:00][sql] SELECT * FROM `ss_links` WHERE  `uid` = 2 [ RunTime:0.000228s ]
[2021-09-10T11:14:06+08:00][sql] SELECT * FROM `ss_links` WHERE  `uid` = 3 [ RunTime:0.000258s ]
[2021-09-10T11:14:06+08:00][sql] SELECT * FROM `ss_links` WHERE  `uid` = 4 [ RunTime:0.000229s ]
[2021-09-10T11:14:06+08:00][sql] SELECT * FROM `ss_links` WHERE  `uid` = 5 [ RunTime:0.000369s ]
[2021-09-10T11:14:06+08:00][sql] SELECT * FROM `ss_links` WHERE  `uid` = 6 [ RunTime:0.000253s ]
[2021-09-10T11:14:06+08:00][sql] SELECT * FROM `ss_links` WHERE  `uid` = 7 [ RunTime:0.000993s ]
[2021-09-10T11:14:06+08:00][sql] SELECT * FROM `ss_links` WHERE  `uid` = 8 [ RunTime:0.000995s ]
[2021-09-10T11:14:06+08:00][sql] SELECT * FROM `ss_links` WHERE  `uid` = 9 [ RunTime:0.000714s ]
[2021-09-10T11:14:06+08:00][sql] SELECT * FROM `ss_links` WHERE  `uid` = 11 [ RunTime:0.000665s ]
[2021-09-10T11:14:06+08:00][sql] SELECT * FROM `ss_links` WHERE  `uid` = 12 [ RunTime:0.000747s ]
[2021-09-10T11:14:06+08:00][sql] SHOW FULL COLUMNS FROM `music_gedan` [ RunTime:0.000856s ]
[2021-09-10T11:14:06+08:00][sql] SELECT * FROM `music_gedan` WHERE  `moren_uid` = 1 [ RunTime:0.000553s ]
[2021-09-10T11:16:29+08:00][sql] CONNECT:[ UseTime:0.000973s ] mysql:host=127.0.0.1;port=3306;dbname=tp6_com;charset=utf8
[2021-09-10T11:16:29+08:00][sql] SHOW FULL COLUMNS FROM `ss_links` [ RunTime:0.000747s ]
[2021-09-10T11:16:29+08:00][sql] SELECT * FROM `ss_links` [ RunTime:0.000552s ]
[2021-09-10T11:16:29+08:00][sql] SELECT * FROM `ss_links` WHERE  `uid` = 10 [ RunTime:0.000545s ]
[2021-09-10T11:16:29+08:00][sql] SELECT * FROM `ss_links` WHERE  `uid` = 1 [ RunTime:0.000502s ]
[2021-09-10T11:16:29+08:00][sql] SELECT * FROM `ss_links` WHERE  `uid` = 2 [ RunTime:0.000510s ]
[2021-09-10T11:16:29+08:00][sql] SELECT * FROM `ss_links` WHERE  `uid` = 3 [ RunTime:0.000506s ]
[2021-09-10T11:16:29+08:00][sql] SELECT * FROM `ss_links` WHERE  `uid` = 4 [ RunTime:0.000529s ]
[2021-09-10T11:16:29+08:00][sql] SELECT * FROM `ss_links` WHERE  `uid` = 5 [ RunTime:0.000501s ]
[2021-09-10T11:16:29+08:00][sql] SELECT * FROM `ss_links` WHERE  `uid` = 6 [ RunTime:0.000546s ]
[2021-09-10T11:16:29+08:00][sql] SELECT * FROM `ss_links` WHERE  `uid` = 7 [ RunTime:0.000531s ]
[2021-09-10T11:16:29+08:00][sql] SELECT * FROM `ss_links` WHERE  `uid` = 8 [ RunTime:0.000518s ]
[2021-09-10T11:16:29+08:00][sql] SELECT * FROM `ss_links` WHERE  `uid` = 9 [ RunTime:0.000510s ]
[2021-09-10T11:16:29+08:00][sql] SELECT * FROM `ss_links` WHERE  `uid` = 11 [ RunTime:0.000555s ]
[2021-09-10T11:16:29+08:00][sql] SELECT * FROM `ss_links` WHERE  `uid` = 12 [ RunTime:0.000478s ]
[2021-09-10T11:16:29+08:00][sql] SHOW FULL COLUMNS FROM `music_gedan` [ RunTime:0.000902s ]
[2021-09-10T11:16:29+08:00][sql] SELECT * FROM `music_gedan` WHERE  `moren_uid` = 1 [ RunTime:0.000510s ]
[2021-09-10T11:17:04+08:00][sql] CONNECT:[ UseTime:0.001051s ] mysql:host=127.0.0.1;port=3306;dbname=tp6_com;charset=utf8
[2021-09-10T11:17:04+08:00][sql] SHOW FULL COLUMNS FROM `users` [ RunTime:0.001917s ]
[2021-09-10T11:17:04+08:00][sql] SELECT * FROM `users` [ RunTime:0.000754s ]
[2021-09-10T11:17:06+08:00][sql] CONNECT:[ UseTime:0.000870s ] mysql:host=127.0.0.1;port=3306;dbname=tp6_com;charset=utf8
[2021-09-10T11:17:06+08:00][sql] SHOW FULL COLUMNS FROM `ss_links` [ RunTime:0.000812s ]
[2021-09-10T11:17:06+08:00][sql] SELECT * FROM `ss_links` [ RunTime:0.000606s ]
[2021-09-10T11:17:29+08:00][sql] CONNECT:[ UseTime:0.000810s ] mysql:host=127.0.0.1;port=3306;dbname=tp6_com;charset=utf8
[2021-09-10T11:17:29+08:00][sql] SHOW FULL COLUMNS FROM `ss_links` [ RunTime:0.001464s ]
[2021-09-10T11:17:29+08:00][sql] INSERT INTO `ss_links` SET `links` = 'http://192.168.133.131:809/admin/start/#/home/homepage3' , `xlinksico` = '#' , `linkname` = 'home' , `uid` = 10 [ RunTime:0.005690s ]
[2021-09-10T11:17:29+08:00][sql] UPDATE `ss_links`  SET `class_name` = 'Page'  WHERE  `uid` = 10 [ RunTime:0.003048s ]
[2021-09-10T11:17:29+08:00][sql] CONNECT:[ UseTime:0.001115s ] mysql:host=127.0.0.1;port=3306;dbname=tp6_com;charset=utf8
[2021-09-10T11:17:29+08:00][sql] SHOW FULL COLUMNS FROM `ss_links` [ RunTime:0.000953s ]
[2021-09-10T11:17:29+08:00][sql] SELECT * FROM `ss_links` [ RunTime:0.000746s ]
[2021-09-10T11:17:29+08:00][sql] CONNECT:[ UseTime:0.000797s ] mysql:host=127.0.0.1;port=3306;dbname=tp6_com;charset=utf8
[2021-09-10T11:17:29+08:00][sql] SHOW FULL COLUMNS FROM `ss_links` [ RunTime:0.001015s ]
[2021-09-10T11:17:29+08:00][sql] SELECT * FROM `ss_links` [ RunTime:0.000641s ]
[2021-09-10T11:17:33+08:00][sql] CONNECT:[ UseTime:0.000737s ] mysql:host=127.0.0.1;port=3306;dbname=tp6_com;charset=utf8
[2021-09-10T11:17:33+08:00][sql] SHOW FULL COLUMNS FROM `ss_links` [ RunTime:0.000694s ]
[2021-09-10T11:17:33+08:00][sql] SELECT * FROM `ss_links` [ RunTime:0.000848s ]
[2021-09-10T11:17:33+08:00][sql] SELECT * FROM `ss_links` WHERE  `uid` = 10 [ RunTime:0.000643s ]
[2021-09-10T11:17:33+08:00][sql] SELECT * FROM `ss_links` WHERE  `uid` = 1 [ RunTime:0.000495s ]
[2021-09-10T11:17:33+08:00][sql] SELECT * FROM `ss_links` WHERE  `uid` = 2 [ RunTime:0.000528s ]
[2021-09-10T11:17:33+08:00][sql] SELECT * FROM `ss_links` WHERE  `uid` = 3 [ RunTime:0.000563s ]
[2021-09-10T11:17:33+08:00][sql] SELECT * FROM `ss_links` WHERE  `uid` = 4 [ RunTime:0.000530s ]
[2021-09-10T11:17:33+08:00][sql] SELECT * FROM `ss_links` WHERE  `uid` = 5 [ RunTime:0.000665s ]
[2021-09-10T11:17:33+08:00][sql] SELECT * FROM `ss_links` WHERE  `uid` = 6 [ RunTime:0.000842s ]
[2021-09-10T11:17:33+08:00][sql] SELECT * FROM `ss_links` WHERE  `uid` = 7 [ RunTime:0.001681s ]
[2021-09-10T11:17:33+08:00][sql] SELECT * FROM `ss_links` WHERE  `uid` = 8 [ RunTime:0.000774s ]
[2021-09-10T11:17:33+08:00][sql] SELECT * FROM `ss_links` WHERE  `uid` = 9 [ RunTime:0.000546s ]
[2021-09-10T11:17:33+08:00][sql] SELECT * FROM `ss_links` WHERE  `uid` = 11 [ RunTime:0.000503s ]
[2021-09-10T11:17:33+08:00][sql] SELECT * FROM `ss_links` WHERE  `uid` = 12 [ RunTime:0.000536s ]
[2021-09-10T11:17:33+08:00][sql] SHOW FULL COLUMNS FROM `music_gedan` [ RunTime:0.000719s ]
[2021-09-10T11:17:33+08:00][sql] SELECT * FROM `music_gedan` WHERE  `moren_uid` = 1 [ RunTime:0.000478s ]
[2021-09-10T11:17:36+08:00][sql] CONNECT:[ UseTime:0.000718s ] mysql:host=127.0.0.1;port=3306;dbname=tp6_com;charset=utf8
[2021-09-10T11:17:36+08:00][sql] SHOW FULL COLUMNS FROM `users` [ RunTime:0.001046s ]
[2021-09-10T11:17:36+08:00][sql] SELECT * FROM `users` [ RunTime:0.000774s ]
[2021-09-10T11:17:37+08:00][sql] CONNECT:[ UseTime:0.000639s ] mysql:host=127.0.0.1;port=3306;dbname=tp6_com;charset=utf8
[2021-09-10T11:17:37+08:00][sql] SHOW FULL COLUMNS FROM `ss_links` [ RunTime:0.000737s ]
[2021-09-10T11:17:37+08:00][sql] SELECT * FROM `ss_links` [ RunTime:0.000537s ]
[2021-09-10T11:17:40+08:00][sql] CONNECT:[ UseTime:0.001049s ] mysql:host=127.0.0.1;port=3306;dbname=tp6_com;charset=utf8
[2021-09-10T11:17:40+08:00][sql] SHOW FULL COLUMNS FROM `users` [ RunTime:0.001865s ]
[2021-09-10T11:17:40+08:00][sql] SELECT * FROM `users` [ RunTime:0.002444s ]
[2021-09-10T11:17:40+08:00][sql] CONNECT:[ UseTime:0.000892s ] mysql:host=127.0.0.1;port=3306;dbname=tp6_com;charset=utf8
[2021-09-10T11:17:40+08:00][sql] SHOW FULL COLUMNS FROM `ss_links` [ RunTime:0.000654s ]
[2021-09-10T11:17:40+08:00][sql] SELECT * FROM `ss_links` [ RunTime:0.000427s ]
[2021-09-10T11:20:12+08:00][sql] CONNECT:[ UseTime:0.000603s ] mysql:host=127.0.0.1;port=3306;dbname=tp6_com;charset=utf8
[2021-09-10T11:20:12+08:00][sql] SHOW FULL COLUMNS FROM `ss_links` [ RunTime:0.000812s ]
[2021-09-10T11:20:12+08:00][sql] SELECT * FROM `ss_links` [ RunTime:0.000586s ]
[2021-09-10T11:20:12+08:00][sql] SELECT * FROM `ss_links` WHERE  `uid` = 10 [ RunTime:0.000590s ]
[2021-09-10T11:20:12+08:00][sql] SELECT * FROM `ss_links` WHERE  `uid` = 1 [ RunTime:0.000579s ]
[2021-09-10T11:20:12+08:00][sql] SELECT * FROM `ss_links` WHERE  `uid` = 2 [ RunTime:0.000495s ]
[2021-09-10T11:20:12+08:00][sql] SELECT * FROM `ss_links` WHERE  `uid` = 3 [ RunTime:0.000457s ]
[2021-09-10T11:20:12+08:00][sql] SELECT * FROM `ss_links` WHERE  `uid` = 4 [ RunTime:0.000530s ]
[2021-09-10T11:20:12+08:00][sql] SELECT * FROM `ss_links` WHERE  `uid` = 5 [ RunTime:0.000546s ]
[2021-09-10T11:20:12+08:00][sql] SELECT * FROM `ss_links` WHERE  `uid` = 6 [ RunTime:0.000491s ]
[2021-09-10T11:20:12+08:00][sql] SELECT * FROM `ss_links` WHERE  `uid` = 7 [ RunTime:0.000510s ]
[2021-09-10T11:20:12+08:00][sql] SELECT * FROM `ss_links` WHERE  `uid` = 8 [ RunTime:0.000576s ]
[2021-09-10T11:20:12+08:00][sql] SELECT * FROM `ss_links` WHERE  `uid` = 9 [ RunTime:0.000810s ]
[2021-09-10T11:20:12+08:00][sql] SELECT * FROM `ss_links` WHERE  `uid` = 11 [ RunTime:0.000902s ]
[2021-09-10T11:20:12+08:00][sql] SELECT * FROM `ss_links` WHERE  `uid` = 12 [ RunTime:0.001676s ]
[2021-09-10T11:20:12+08:00][sql] SHOW FULL COLUMNS FROM `music_gedan` [ RunTime:0.001128s ]
[2021-09-10T11:20:12+08:00][sql] SELECT * FROM `music_gedan` WHERE  `moren_uid` = 1 [ RunTime:0.000726s ]
[2021-09-10T11:21:07+08:00][sql] CONNECT:[ UseTime:0.000721s ] mysql:host=127.0.0.1;port=3306;dbname=tp6_com;charset=utf8
[2021-09-10T11:21:07+08:00][sql] SHOW FULL COLUMNS FROM `ss_links` [ RunTime:0.001524s ]
[2021-09-10T11:21:07+08:00][sql] SELECT * FROM `ss_links` [ RunTime:0.001138s ]
[2021-09-10T11:21:07+08:00][sql] SELECT * FROM `ss_links` WHERE  `uid` = 10 [ RunTime:0.000597s ]
[2021-09-10T11:21:07+08:00][sql] SELECT * FROM `ss_links` WHERE  `uid` = 1 [ RunTime:0.000503s ]
[2021-09-10T11:21:07+08:00][sql] SELECT * FROM `ss_links` WHERE  `uid` = 2 [ RunTime:0.000521s ]
[2021-09-10T11:21:07+08:00][sql] SELECT * FROM `ss_links` WHERE  `uid` = 3 [ RunTime:0.000529s ]
[2021-09-10T11:21:07+08:00][sql] SELECT * FROM `ss_links` WHERE  `uid` = 4 [ RunTime:0.000526s ]
[2021-09-10T11:21:07+08:00][sql] SELECT * FROM `ss_links` WHERE  `uid` = 5 [ RunTime:0.000468s ]
[2021-09-10T11:21:07+08:00][sql] SELECT * FROM `ss_links` WHERE  `uid` = 6 [ RunTime:0.000491s ]
[2021-09-10T11:21:07+08:00][sql] SELECT * FROM `ss_links` WHERE  `uid` = 7 [ RunTime:0.000508s ]
[2021-09-10T11:21:07+08:00][sql] SELECT * FROM `ss_links` WHERE  `uid` = 8 [ RunTime:0.000468s ]
[2021-09-10T11:21:07+08:00][sql] SELECT * FROM `ss_links` WHERE  `uid` = 9 [ RunTime:0.000493s ]
[2021-09-10T11:21:07+08:00][sql] SELECT * FROM `ss_links` WHERE  `uid` = 11 [ RunTime:0.000527s ]
[2021-09-10T11:21:07+08:00][sql] SELECT * FROM `ss_links` WHERE  `uid` = 12 [ RunTime:0.000526s ]
[2021-09-10T11:21:07+08:00][sql] SHOW FULL COLUMNS FROM `music_gedan` [ RunTime:0.000639s ]
[2021-09-10T11:21:07+08:00][sql] SELECT * FROM `music_gedan` WHERE  `moren_uid` = 1 [ RunTime:0.000551s ]
[2021-09-10T13:22:31+08:00][sql] CONNECT:[ UseTime:0.002864s ] mysql:host=127.0.0.1;port=3306;dbname=tp6_com;charset=utf8
[2021-09-10T13:22:31+08:00][sql] SHOW FULL COLUMNS FROM `ss_links` [ RunTime:0.003971s ]
[2021-09-10T13:22:31+08:00][sql] SELECT * FROM `ss_links` [ RunTime:0.001284s ]
[2021-09-10T13:22:31+08:00][sql] SELECT * FROM `ss_links` WHERE  `uid` = 10 [ RunTime:0.001565s ]
[2021-09-10T13:22:31+08:00][sql] SELECT * FROM `ss_links` WHERE  `uid` = 1 [ RunTime:0.000816s ]
[2021-09-10T13:22:31+08:00][sql] SELECT * FROM `ss_links` WHERE  `uid` = 2 [ RunTime:0.000587s ]
[2021-09-10T13:22:31+08:00][sql] SELECT * FROM `ss_links` WHERE  `uid` = 3 [ RunTime:0.000524s ]
[2021-09-10T13:22:31+08:00][sql] SELECT * FROM `ss_links` WHERE  `uid` = 4 [ RunTime:0.000601s ]
[2021-09-10T13:22:31+08:00][sql] SELECT * FROM `ss_links` WHERE  `uid` = 5 [ RunTime:0.000493s ]
[2021-09-10T13:22:31+08:00][sql] SELECT * FROM `ss_links` WHERE  `uid` = 6 [ RunTime:0.000534s ]
[2021-09-10T13:22:31+08:00][sql] SELECT * FROM `ss_links` WHERE  `uid` = 7 [ RunTime:0.000621s ]
[2021-09-10T13:22:31+08:00][sql] SELECT * FROM `ss_links` WHERE  `uid` = 8 [ RunTime:0.000574s ]
[2021-09-10T13:22:31+08:00][sql] SELECT * FROM `ss_links` WHERE  `uid` = 9 [ RunTime:0.000593s ]
[2021-09-10T13:22:31+08:00][sql] SELECT * FROM `ss_links` WHERE  `uid` = 11 [ RunTime:0.000540s ]
[2021-09-10T13:22:31+08:00][sql] SELECT * FROM `ss_links` WHERE  `uid` = 12 [ RunTime:0.000566s ]
[2021-09-10T13:22:31+08:00][sql] SHOW FULL COLUMNS FROM `music_gedan` [ RunTime:0.000891s ]
[2021-09-10T13:22:31+08:00][sql] SELECT * FROM `music_gedan` WHERE  `moren_uid` = 1 [ RunTime:0.000542s ]
[2021-09-10T14:05:53+08:00][sql] CONNECT:[ UseTime:0.001443s ] mysql:host=127.0.0.1;port=3306;dbname=tp6_com;charset=utf8
[2021-09-10T14:05:53+08:00][sql] SHOW FULL COLUMNS FROM `ss_links` [ RunTime:0.002594s ]
[2021-09-10T14:05:53+08:00][sql] SELECT * FROM `ss_links` [ RunTime:0.001276s ]
[2021-09-10T14:05:53+08:00][sql] SELECT * FROM `ss_links` WHERE  `uid` = 10 [ RunTime:0.000695s ]
[2021-09-10T14:05:53+08:00][sql] SELECT * FROM `ss_links` WHERE  `uid` = 1 [ RunTime:0.000602s ]
[2021-09-10T14:05:53+08:00][sql] SELECT * FROM `ss_links` WHERE  `uid` = 2 [ RunTime:0.000489s ]
[2021-09-10T14:05:53+08:00][sql] SELECT * FROM `ss_links` WHERE  `uid` = 3 [ RunTime:0.000525s ]
[2021-09-10T14:05:53+08:00][sql] SELECT * FROM `ss_links` WHERE  `uid` = 4 [ RunTime:0.000539s ]
[2021-09-10T14:05:53+08:00][sql] SELECT * FROM `ss_links` WHERE  `uid` = 5 [ RunTime:0.000532s ]
[2021-09-10T14:05:53+08:00][sql] SELECT * FROM `ss_links` WHERE  `uid` = 6 [ RunTime:0.000516s ]
[2021-09-10T14:05:53+08:00][sql] SELECT * FROM `ss_links` WHERE  `uid` = 7 [ RunTime:0.000548s ]
[2021-09-10T14:05:53+08:00][sql] SELECT * FROM `ss_links` WHERE  `uid` = 8 [ RunTime:0.000528s ]
[2021-09-10T14:05:53+08:00][sql] SELECT * FROM `ss_links` WHERE  `uid` = 9 [ RunTime:0.000516s ]
[2021-09-10T14:05:53+08:00][sql] SELECT * FROM `ss_links` WHERE  `uid` = 11 [ RunTime:0.000485s ]
[2021-09-10T14:05:53+08:00][sql] SELECT * FROM `ss_links` WHERE  `uid` = 12 [ RunTime:0.000639s ]
[2021-09-10T14:05:53+08:00][sql] SHOW FULL COLUMNS FROM `music_gedan` [ RunTime:0.000617s ]
[2021-09-10T14:05:53+08:00][sql] SELECT * FROM `music_gedan` WHERE  `moren_uid` = 1 [ RunTime:0.000460s ]
