[2021-07-04T00:01:51+08:00][error] [0]Cannot instantiate abstract class think\route\Rule[/www/wwwroot/tp6.com/vendor/topthink/framework/src/think/Container.php:394]
[2021-07-04T00:02:07+08:00][error] [0]Cannot instantiate abstract class think\route\Rule[/www/wwwroot/tp6.com/vendor/topthink/framework/src/think/Container.php:394]
[2021-07-04T10:26:13+08:00][error] [0]Cannot instantiate abstract class think\route\Rule[/www/wwwroot/tp6.com/vendor/topthink/framework/src/think/Container.php:394]
[2021-07-04T10:40:09+08:00][sql] CONNECT:[ UseTime:0.002775s ] mysql:host=127.0.0.1;port=3306;dbname=tp6_com;charset=utf8
[2021-07-04T10:40:09+08:00][sql] SHOW FULL COLUMNS FROM `ss_links` [ RunTime:0.001832s ]
[2021-07-04T10:40:09+08:00][sql] SELECT * FROM `ss_links` [ RunTime:0.000787s ]
[2021-07-04T10:40:09+08:00][sql] SELECT * FROM `ss_links` WHERE  `uid` = 10 [ RunTime:0.000696s ]
[2021-07-04T10:40:09+08:00][sql] SELECT * FROM `ss_links` WHERE  `uid` = 1 [ RunTime:0.000522s ]
[2021-07-04T10:40:09+08:00][sql] SELECT * FROM `ss_links` WHERE  `uid` = 2 [ RunTime:0.000462s ]
[2021-07-04T10:40:09+08:00][sql] SELECT * FROM `ss_links` WHERE  `uid` = 3 [ RunTime:0.000519s ]
[2021-07-04T10:40:09+08:00][sql] SELECT * FROM `ss_links` WHERE  `uid` = 4 [ RunTime:0.000538s ]
[2021-07-04T10:40:09+08:00][sql] SELECT * FROM `ss_links` WHERE  `uid` = 5 [ RunTime:0.000558s ]
[2021-07-04T10:40:09+08:00][sql] SELECT * FROM `ss_links` WHERE  `uid` = 6 [ RunTime:0.000496s ]
[2021-07-04T10:40:09+08:00][sql] SELECT * FROM `ss_links` WHERE  `uid` = 7 [ RunTime:0.000648s ]
[2021-07-04T10:40:09+08:00][sql] SELECT * FROM `ss_links` WHERE  `uid` = 8 [ RunTime:0.000748s ]
[2021-07-04T10:40:09+08:00][sql] SELECT * FROM `ss_links` WHERE  `uid` = 9 [ RunTime:0.000522s ]
[2021-07-04T10:40:09+08:00][sql] SELECT * FROM `ss_links` WHERE  `uid` = 11 [ RunTime:0.000517s ]
[2021-07-04T10:40:09+08:00][sql] SELECT * FROM `ss_links` WHERE  `uid` = 12 [ RunTime:0.000581s ]
[2021-07-04T10:40:09+08:00][sql] SHOW FULL COLUMNS FROM `music_gedan` [ RunTime:0.000879s ]
[2021-07-04T10:40:09+08:00][sql] SELECT * FROM `music_gedan` WHERE  `moren_uid` = 1 [ RunTime:0.001052s ]
[2021-07-04T11:18:53+08:00][error] [0]Cannot instantiate abstract class think\route\Rule[/www/wwwroot/tp6.com/vendor/topthink/framework/src/think/Container.php:394]
[2021-07-04T11:18:56+08:00][error] [0]Cannot instantiate abstract class think\route\Rule[/www/wwwroot/tp6.com/vendor/topthink/framework/src/think/Container.php:394]
[2021-07-04T11:19:14+08:00][error] [0]Cannot instantiate abstract class think\route\Rule[/www/wwwroot/tp6.com/vendor/topthink/framework/src/think/Container.php:394]
[2021-07-04T11:19:17+08:00][error] [0]Cannot instantiate abstract class think\route\Rule[/www/wwwroot/tp6.com/vendor/topthink/framework/src/think/Container.php:394]
[2021-07-04T11:19:19+08:00][error] [0]Cannot instantiate abstract class think\route\Rule[/www/wwwroot/tp6.com/vendor/topthink/framework/src/think/Container.php:394]
[2021-07-04T11:19:19+08:00][error] [0]Cannot instantiate abstract class think\route\Rule[/www/wwwroot/tp6.com/vendor/topthink/framework/src/think/Container.php:394]
[2021-07-04T11:19:20+08:00][error] [0]Cannot instantiate abstract class think\route\Rule[/www/wwwroot/tp6.com/vendor/topthink/framework/src/think/Container.php:394]
[2021-07-04T13:37:00+08:00][error] [0]模板标签错误:load[/www/wwwroot/tp6.com/vendor/topthink/think-template/src/template/TagLib.php:285]
[2021-07-04T14:40:12+08:00][error] [8]Use of undefined constant a - assumed 'a'[/www/wwwroot/tp6.com/app/controller/Login.php:38]
[2021-07-04T14:41:50+08:00][error] [8]Use of undefined constant ROOT_PATH - assumed 'ROOT_PATH'[/www/wwwroot/tp6.com/app/controller/Login.php:65]
[2021-07-04T14:42:42+08:00][error] [8]Use of undefined constant ROOT_PATH - assumed 'ROOT_PATH'[/www/wwwroot/tp6.com/app/controller/Login.php:63]
[2021-07-04T14:44:36+08:00][error] [2]mkdir(): Permission denied[/www/wwwroot/tp6.com/app/controller/Login.php:67]
[2021-07-04T14:46:14+08:00][error] [2]imagepng(/public/admin/upload/ver_code_img/randimg_id_1.png): failed to open stream: No such file or directory[/www/wwwroot/tp6.com/app/controller/Login.php:90]
[2021-07-04T14:46:14+08:00][error] [2]imagepng(/public/admin/upload/ver_code_img/randimg_id_1.png): failed to open stream: No such file or directory[/www/wwwroot/tp6.com/app/controller/Login.php:90]
[2021-07-04T14:46:29+08:00][error] [2]imagepng(public/admin/upload/ver_code_img/randimg_id_1.png): failed to open stream: No such file or directory[/www/wwwroot/tp6.com/app/controller/Login.php:90]
[2021-07-04T14:46:30+08:00][error] [2]imagepng(public/admin/upload/ver_code_img/randimg_id_1.png): failed to open stream: No such file or directory[/www/wwwroot/tp6.com/app/controller/Login.php:90]
[2021-07-04T14:46:30+08:00][error] [2]imagepng(public/admin/upload/ver_code_img/randimg_id_1.png): failed to open stream: No such file or directory[/www/wwwroot/tp6.com/app/controller/Login.php:90]
[2021-07-04T14:46:30+08:00][error] [2]imagepng(public/admin/upload/ver_code_img/randimg_id_1.png): failed to open stream: No such file or directory[/www/wwwroot/tp6.com/app/controller/Login.php:90]
[2021-07-04T14:46:30+08:00][error] [2]imagepng(public/admin/upload/ver_code_img/randimg_id_1.png): failed to open stream: No such file or directory[/www/wwwroot/tp6.com/app/controller/Login.php:90]
[2021-07-04T14:46:31+08:00][error] [2]imagepng(public/admin/upload/ver_code_img/randimg_id_1.png): failed to open stream: No such file or directory[/www/wwwroot/tp6.com/app/controller/Login.php:90]
[2021-07-04T14:46:31+08:00][error] [2]imagepng(public/admin/upload/ver_code_img/randimg_id_1.png): failed to open stream: No such file or directory[/www/wwwroot/tp6.com/app/controller/Login.php:90]
[2021-07-04T14:46:31+08:00][error] [2]imagepng(public/admin/upload/ver_code_img/randimg_id_1.png): failed to open stream: No such file or directory[/www/wwwroot/tp6.com/app/controller/Login.php:90]
[2021-07-04T14:46:31+08:00][error] [2]imagepng(public/admin/upload/ver_code_img/randimg_id_1.png): failed to open stream: No such file or directory[/www/wwwroot/tp6.com/app/controller/Login.php:90]
[2021-07-04T14:46:32+08:00][error] [2]imagepng(public/admin/upload/ver_code_img/randimg_id_1.png): failed to open stream: No such file or directory[/www/wwwroot/tp6.com/app/controller/Login.php:90]
[2021-07-04T14:46:32+08:00][error] [2]imagepng(public/admin/upload/ver_code_img/randimg_id_1.png): failed to open stream: No such file or directory[/www/wwwroot/tp6.com/app/controller/Login.php:90]
[2021-07-04T14:46:32+08:00][error] [2]imagepng(public/admin/upload/ver_code_img/randimg_id_1.png): failed to open stream: No such file or directory[/www/wwwroot/tp6.com/app/controller/Login.php:90]
[2021-07-04T14:46:32+08:00][error] [2]imagepng(public/admin/upload/ver_code_img/randimg_id_1.png): failed to open stream: No such file or directory[/www/wwwroot/tp6.com/app/controller/Login.php:90]
[2021-07-04T14:46:33+08:00][error] [2]imagepng(public/admin/upload/ver_code_img/randimg_id_1.png): failed to open stream: No such file or directory[/www/wwwroot/tp6.com/app/controller/Login.php:90]
[2021-07-04T14:46:33+08:00][error] [2]imagepng(public/admin/upload/ver_code_img/randimg_id_1.png): failed to open stream: No such file or directory[/www/wwwroot/tp6.com/app/controller/Login.php:90]
[2021-07-04T14:46:34+08:00][error] [2]imagepng(public/admin/upload/ver_code_img/randimg_id_1.png): failed to open stream: No such file or directory[/www/wwwroot/tp6.com/app/controller/Login.php:90]
[2021-07-04T14:46:35+08:00][error] [2]imagepng(public/admin/upload/ver_code_img/randimg_id_1.png): failed to open stream: No such file or directory[/www/wwwroot/tp6.com/app/controller/Login.php:90]
[2021-07-04T14:46:35+08:00][error] [2]imagepng(public/admin/upload/ver_code_img/randimg_id_1.png): failed to open stream: No such file or directory[/www/wwwroot/tp6.com/app/controller/Login.php:90]
[2021-07-04T14:46:53+08:00][error] [2]imagepng(admin/upload/ver_code_img/randimg_id_1.png): failed to open stream: No such file or directory[/www/wwwroot/tp6.com/app/controller/Login.php:90]
[2021-07-04T14:47:58+08:00][error] [2]imagepng(admin/upload/ver_code_img/randimg_id_1.png): failed to open stream: No such file or directory[/www/wwwroot/tp6.com/app/controller/Login.php:90]
[2021-07-04T14:48:21+08:00][error] [2]imagepng(admin/upload/ver_code_img/randimg_id_1.png): failed to open stream: No such file or directory[/www/wwwroot/tp6.com/app/controller/Login.php:91]
[2021-07-04T14:49:31+08:00][error] [2]imagepng(admin/upload/ver_code_img/randimg_id_1.png): failed to open stream: No such file or directory[/www/wwwroot/tp6.com/app/controller/Login.php:94]
[2021-07-04T14:49:50+08:00][error] [2]imagepng(admin/upload/ver_code_img/randimg_id_1.png): failed to open stream: No such file or directory[/www/wwwroot/tp6.com/app/controller/Login.php:94]
[2021-07-04T14:49:51+08:00][error] [2]imagepng(admin/upload/ver_code_img/randimg_id_1.png): failed to open stream: No such file or directory[/www/wwwroot/tp6.com/app/controller/Login.php:94]
[2021-07-04T14:49:51+08:00][error] [2]imagepng(admin/upload/ver_code_img/randimg_id_1.png): failed to open stream: No such file or directory[/www/wwwroot/tp6.com/app/controller/Login.php:94]
[2021-07-04T14:49:52+08:00][error] [2]imagepng(admin/upload/ver_code_img/randimg_id_1.png): failed to open stream: No such file or directory[/www/wwwroot/tp6.com/app/controller/Login.php:94]
[2021-07-04T14:49:52+08:00][error] [2]imagepng(admin/upload/ver_code_img/randimg_id_1.png): failed to open stream: No such file or directory[/www/wwwroot/tp6.com/app/controller/Login.php:94]
[2021-07-04T14:49:52+08:00][error] [2]imagepng(admin/upload/ver_code_img/randimg_id_1.png): failed to open stream: No such file or directory[/www/wwwroot/tp6.com/app/controller/Login.php:94]
[2021-07-04T14:49:53+08:00][error] [2]imagepng(admin/upload/ver_code_img/randimg_id_1.png): failed to open stream: No such file or directory[/www/wwwroot/tp6.com/app/controller/Login.php:94]
[2021-07-04T14:50:52+08:00][error] [0]语法错误: unexpected 'echo' (T_ECHO)[/www/wwwroot/tp6.com/app/controller/Login.php:27]
[2021-07-04T14:51:08+08:00][error] [2]imagepng(admin/upload/ver_code_img/randimg_id_1.png): failed to open stream: No such file or directory[/www/wwwroot/tp6.com/app/controller/Login.php:94]
[2021-07-04T14:52:09+08:00][error] [2]imagepng(admin/upload/ver_code_img/randimg_id_1.png): failed to open stream: No such file or directory[/www/wwwroot/tp6.com/app/controller/Login.php:94]
[2021-07-04T14:54:05+08:00][error] [2]imagepng(admin/upload/ver_code_img/randimg_id_1.png): failed to open stream: No such file or directory[/www/wwwroot/tp6.com/app/controller/Login.php:91]
[2021-07-04T14:54:06+08:00][error] [2]imagepng(admin/upload/ver_code_img/randimg_id_1.png): failed to open stream: No such file or directory[/www/wwwroot/tp6.com/app/controller/Login.php:91]
[2021-07-04T14:54:08+08:00][error] [2]imagepng(admin/upload/ver_code_img/randimg_id_1.png): failed to open stream: No such file or directory[/www/wwwroot/tp6.com/app/controller/Login.php:91]
[2021-07-04T14:54:10+08:00][error] [2]imagepng(admin/upload/ver_code_img/randimg_id_1.png): failed to open stream: No such file or directory[/www/wwwroot/tp6.com/app/controller/Login.php:91]
[2021-07-04T14:54:17+08:00][error] [2]imagepng(admin/upload/ver_code_img/randimg_id_1.png): failed to open stream: No such file or directory[/www/wwwroot/tp6.com/app/controller/Login.php:91]
[2021-07-04T14:54:18+08:00][error] [2]imagepng(admin/upload/ver_code_img/randimg_id_1.png): failed to open stream: No such file or directory[/www/wwwroot/tp6.com/app/controller/Login.php:91]
[2021-07-04T14:54:18+08:00][error] [2]imagepng(admin/upload/ver_code_img/randimg_id_1.png): failed to open stream: No such file or directory[/www/wwwroot/tp6.com/app/controller/Login.php:91]
[2021-07-04T14:54:52+08:00][sql] CONNECT:[ UseTime:0.002332s ] mysql:host=127.0.0.1;port=3306;dbname=tp6_com;charset=utf8
[2021-07-04T14:54:52+08:00][sql] SHOW FULL COLUMNS FROM `ss_links` [ RunTime:0.003604s ]
[2021-07-04T14:54:52+08:00][sql] SELECT * FROM `ss_links` [ RunTime:0.000882s ]
[2021-07-04T14:54:52+08:00][sql] SELECT * FROM `ss_links` WHERE  `uid` = 10 [ RunTime:0.000812s ]
[2021-07-04T14:54:52+08:00][sql] SELECT * FROM `ss_links` WHERE  `uid` = 1 [ RunTime:0.000539s ]
[2021-07-04T14:54:52+08:00][sql] SELECT * FROM `ss_links` WHERE  `uid` = 2 [ RunTime:0.000744s ]
[2021-07-04T14:54:52+08:00][sql] SELECT * FROM `ss_links` WHERE  `uid` = 3 [ RunTime:0.000892s ]
[2021-07-04T14:54:52+08:00][sql] SELECT * FROM `ss_links` WHERE  `uid` = 4 [ RunTime:0.001131s ]
[2021-07-04T14:54:52+08:00][sql] SELECT * FROM `ss_links` WHERE  `uid` = 5 [ RunTime:0.000813s ]
[2021-07-04T14:54:52+08:00][sql] SELECT * FROM `ss_links` WHERE  `uid` = 6 [ RunTime:0.000854s ]
[2021-07-04T14:54:52+08:00][sql] SELECT * FROM `ss_links` WHERE  `uid` = 7 [ RunTime:0.000635s ]
[2021-07-04T14:54:52+08:00][sql] SELECT * FROM `ss_links` WHERE  `uid` = 8 [ RunTime:0.000527s ]
[2021-07-04T14:54:52+08:00][sql] SELECT * FROM `ss_links` WHERE  `uid` = 9 [ RunTime:0.000632s ]
[2021-07-04T14:54:52+08:00][sql] SELECT * FROM `ss_links` WHERE  `uid` = 11 [ RunTime:0.000574s ]
[2021-07-04T14:54:52+08:00][sql] SELECT * FROM `ss_links` WHERE  `uid` = 12 [ RunTime:0.000476s ]
[2021-07-04T14:54:52+08:00][sql] SHOW FULL COLUMNS FROM `music_gedan` [ RunTime:0.000880s ]
[2021-07-04T14:54:52+08:00][sql] SELECT * FROM `music_gedan` WHERE  `moren_uid` = 1 [ RunTime:0.000601s ]
[2021-07-04T14:55:25+08:00][sql] CONNECT:[ UseTime:0.000954s ] mysql:host=127.0.0.1;port=3306;dbname=tp6_com;charset=utf8
[2021-07-04T14:55:25+08:00][sql] SHOW FULL COLUMNS FROM `ss_links` [ RunTime:0.001006s ]
[2021-07-04T14:55:25+08:00][sql] SELECT * FROM `ss_links` WHERE  `uid` = 0 [ RunTime:0.001411s ]
[2021-07-04T14:55:25+08:00][sql] CONNECT:[ UseTime:0.002453s ] mysql:host=127.0.0.1;port=3306;dbname=tp6_com;charset=utf8
[2021-07-04T14:55:25+08:00][sql] SHOW FULL COLUMNS FROM `ss_links` [ RunTime:0.002714s ]
[2021-07-04T14:55:25+08:00][sql] SELECT * FROM `ss_links` [ RunTime:0.002083s ]
[2021-07-04T14:55:25+08:00][sql] SELECT * FROM `ss_links` WHERE  `uid` = 10 [ RunTime:0.000895s ]
[2021-07-04T14:55:25+08:00][sql] SELECT * FROM `ss_links` WHERE  `uid` = 1 [ RunTime:0.000674s ]
[2021-07-04T14:55:25+08:00][sql] SELECT * FROM `ss_links` WHERE  `uid` = 2 [ RunTime:0.000687s ]
[2021-07-04T14:55:25+08:00][sql] SELECT * FROM `ss_links` WHERE  `uid` = 3 [ RunTime:0.000720s ]
[2021-07-04T14:55:25+08:00][sql] SELECT * FROM `ss_links` WHERE  `uid` = 4 [ RunTime:0.000992s ]
[2021-07-04T14:55:25+08:00][sql] SELECT * FROM `ss_links` WHERE  `uid` = 5 [ RunTime:0.000743s ]
[2021-07-04T14:55:25+08:00][sql] SELECT * FROM `ss_links` WHERE  `uid` = 6 [ RunTime:0.001403s ]
[2021-07-04T14:55:25+08:00][sql] SELECT * FROM `ss_links` WHERE  `uid` = 7 [ RunTime:0.001089s ]
[2021-07-04T14:55:25+08:00][sql] SELECT * FROM `ss_links` WHERE  `uid` = 8 [ RunTime:0.000684s ]
[2021-07-04T14:55:25+08:00][sql] SELECT * FROM `ss_links` WHERE  `uid` = 9 [ RunTime:0.001085s ]
[2021-07-04T14:55:25+08:00][sql] SELECT * FROM `ss_links` WHERE  `uid` = 11 [ RunTime:0.001197s ]
[2021-07-04T14:55:25+08:00][sql] SELECT * FROM `ss_links` WHERE  `uid` = 12 [ RunTime:0.000721s ]
[2021-07-04T14:55:25+08:00][sql] SHOW FULL COLUMNS FROM `music_gedan` [ RunTime:0.000882s ]
[2021-07-04T14:55:25+08:00][sql] SELECT * FROM `music_gedan` WHERE  `moren_uid` = 1 [ RunTime:0.000558s ]
[2021-07-04T14:55:25+08:00][sql] CONNECT:[ UseTime:0.001188s ] mysql:host=127.0.0.1;port=3306;dbname=tp6_com;charset=utf8
[2021-07-04T14:55:25+08:00][sql] SHOW FULL COLUMNS FROM `ss_links` [ RunTime:0.002208s ]
[2021-07-04T14:55:25+08:00][sql] SELECT * FROM `ss_links` [ RunTime:0.001617s ]
[2021-07-04T14:55:25+08:00][sql] SELECT * FROM `ss_links` WHERE  `uid` = 10 [ RunTime:0.001171s ]
[2021-07-04T14:55:25+08:00][sql] SELECT * FROM `ss_links` WHERE  `uid` = 1 [ RunTime:0.000712s ]
[2021-07-04T14:55:25+08:00][sql] SELECT * FROM `ss_links` WHERE  `uid` = 2 [ RunTime:0.000598s ]
[2021-07-04T14:55:25+08:00][sql] SELECT * FROM `ss_links` WHERE  `uid` = 3 [ RunTime:0.000724s ]
[2021-07-04T14:55:25+08:00][sql] SELECT * FROM `ss_links` WHERE  `uid` = 4 [ RunTime:0.000794s ]
[2021-07-04T14:55:25+08:00][sql] SELECT * FROM `ss_links` WHERE  `uid` = 5 [ RunTime:0.000888s ]
[2021-07-04T14:55:25+08:00][sql] SELECT * FROM `ss_links` WHERE  `uid` = 6 [ RunTime:0.000693s ]
[2021-07-04T14:55:25+08:00][sql] SELECT * FROM `ss_links` WHERE  `uid` = 7 [ RunTime:0.000584s ]
[2021-07-04T14:55:25+08:00][sql] SELECT * FROM `ss_links` WHERE  `uid` = 8 [ RunTime:0.000529s ]
[2021-07-04T14:55:25+08:00][sql] SELECT * FROM `ss_links` WHERE  `uid` = 9 [ RunTime:0.000566s ]
[2021-07-04T14:55:25+08:00][sql] SELECT * FROM `ss_links` WHERE  `uid` = 11 [ RunTime:0.000580s ]
[2021-07-04T14:55:25+08:00][sql] SELECT * FROM `ss_links` WHERE  `uid` = 12 [ RunTime:0.000553s ]
[2021-07-04T14:55:25+08:00][sql] SHOW FULL COLUMNS FROM `music_gedan` [ RunTime:0.001161s ]
[2021-07-04T14:55:25+08:00][sql] SELECT * FROM `music_gedan` WHERE  `moren_uid` = 1 [ RunTime:0.000442s ]
[2021-07-04T14:55:25+08:00][sql] CONNECT:[ UseTime:0.001432s ] mysql:host=127.0.0.1;port=3306;dbname=tp6_com;charset=utf8
[2021-07-04T14:55:25+08:00][sql] SHOW FULL COLUMNS FROM `ss_links` [ RunTime:0.002015s ]
[2021-07-04T14:55:25+08:00][sql] SELECT * FROM `ss_links` [ RunTime:0.001219s ]
[2021-07-04T14:55:25+08:00][sql] SELECT * FROM `ss_links` WHERE  `uid` = 10 [ RunTime:0.000970s ]
[2021-07-04T14:55:25+08:00][sql] SELECT * FROM `ss_links` WHERE  `uid` = 1 [ RunTime:0.000716s ]
[2021-07-04T14:55:25+08:00][sql] SELECT * FROM `ss_links` WHERE  `uid` = 2 [ RunTime:0.000616s ]
[2021-07-04T14:55:25+08:00][sql] SELECT * FROM `ss_links` WHERE  `uid` = 3 [ RunTime:0.000665s ]
[2021-07-04T14:55:25+08:00][sql] SELECT * FROM `ss_links` WHERE  `uid` = 4 [ RunTime:0.000898s ]
[2021-07-04T14:55:25+08:00][sql] SELECT * FROM `ss_links` WHERE  `uid` = 5 [ RunTime:0.000857s ]
[2021-07-04T14:55:25+08:00][sql] SELECT * FROM `ss_links` WHERE  `uid` = 6 [ RunTime:0.000719s ]
[2021-07-04T14:55:25+08:00][sql] SELECT * FROM `ss_links` WHERE  `uid` = 7 [ RunTime:0.000569s ]
[2021-07-04T14:55:25+08:00][sql] SELECT * FROM `ss_links` WHERE  `uid` = 8 [ RunTime:0.000550s ]
[2021-07-04T14:55:25+08:00][sql] SELECT * FROM `ss_links` WHERE  `uid` = 9 [ RunTime:0.000569s ]
[2021-07-04T14:55:25+08:00][sql] SELECT * FROM `ss_links` WHERE  `uid` = 11 [ RunTime:0.000574s ]
[2021-07-04T14:55:25+08:00][sql] SELECT * FROM `ss_links` WHERE  `uid` = 12 [ RunTime:0.000547s ]
[2021-07-04T14:55:25+08:00][sql] SHOW FULL COLUMNS FROM `music_gedan` [ RunTime:0.000858s ]
[2021-07-04T14:55:25+08:00][sql] SELECT * FROM `music_gedan` WHERE  `moren_uid` = 1 [ RunTime:0.000441s ]
[2021-07-04T14:56:41+08:00][error] [2]imagepng(admin/upload/ver_code_img/randimg_id_1.png): failed to open stream: No such file or directory[/www/wwwroot/tp6.com/app/controller/Login.php:91]
[2021-07-04T14:58:01+08:00][error] [0]Class 'app\controller\App' not found[/www/wwwroot/tp6.com/app/controller/Index.php:65]
[2021-07-04T14:59:47+08:00][error] [2]imagepng(admin/upload/ver_code_img/randimg_id_1.png): failed to open stream: No such file or directory[/www/wwwroot/tp6.com/app/controller/Login.php:91]
[2021-07-04T14:59:49+08:00][error] [0]Class 'app\controller\App' not found[/www/wwwroot/tp6.com/app/controller/Index.php:65]
[2021-07-04T15:00:28+08:00][error] [0]Class 'app\controller\App' not found[/www/wwwroot/tp6.com/app/controller/Index.php:65]
[2021-07-04T15:43:14+08:00][sql] CONNECT:[ UseTime:0.001024s ] mysql:host=127.0.0.1;port=3306;dbname=tp6_com;charset=utf8
[2021-07-04T15:43:14+08:00][sql] SHOW FULL COLUMNS FROM `ss_links` [ RunTime:0.001581s ]
[2021-07-04T15:43:14+08:00][sql] SELECT * FROM `ss_links` [ RunTime:0.000975s ]
[2021-07-04T15:43:14+08:00][sql] SELECT * FROM `ss_links` WHERE  `uid` = 10 [ RunTime:0.001752s ]
[2021-07-04T15:43:14+08:00][sql] SELECT * FROM `ss_links` WHERE  `uid` = 1 [ RunTime:0.000584s ]
[2021-07-04T15:43:14+08:00][sql] SELECT * FROM `ss_links` WHERE  `uid` = 2 [ RunTime:0.000498s ]
[2021-07-04T15:43:14+08:00][sql] SELECT * FROM `ss_links` WHERE  `uid` = 3 [ RunTime:0.000496s ]
[2021-07-04T15:43:14+08:00][sql] SELECT * FROM `ss_links` WHERE  `uid` = 4 [ RunTime:0.000618s ]
[2021-07-04T15:43:14+08:00][sql] SELECT * FROM `ss_links` WHERE  `uid` = 5 [ RunTime:0.000499s ]
[2021-07-04T15:43:14+08:00][sql] SELECT * FROM `ss_links` WHERE  `uid` = 6 [ RunTime:0.000609s ]
[2021-07-04T15:43:14+08:00][sql] SELECT * FROM `ss_links` WHERE  `uid` = 7 [ RunTime:0.000655s ]
[2021-07-04T15:43:14+08:00][sql] SELECT * FROM `ss_links` WHERE  `uid` = 8 [ RunTime:0.000476s ]
[2021-07-04T15:43:14+08:00][sql] SELECT * FROM `ss_links` WHERE  `uid` = 9 [ RunTime:0.000430s ]
[2021-07-04T15:43:14+08:00][sql] SELECT * FROM `ss_links` WHERE  `uid` = 11 [ RunTime:0.000427s ]
[2021-07-04T15:43:14+08:00][sql] SELECT * FROM `ss_links` WHERE  `uid` = 12 [ RunTime:0.000449s ]
[2021-07-04T15:43:14+08:00][sql] SHOW FULL COLUMNS FROM `music_gedan` [ RunTime:0.000825s ]
[2021-07-04T15:43:14+08:00][sql] SELECT * FROM `music_gedan` WHERE  `moren_uid` = 1 [ RunTime:0.000669s ]
[2021-07-04T15:43:15+08:00][sql] CONNECT:[ UseTime:0.001974s ] mysql:host=127.0.0.1;port=3306;dbname=tp6_com;charset=utf8
[2021-07-04T15:43:15+08:00][sql] SHOW FULL COLUMNS FROM `ss_links` [ RunTime:0.001557s ]
[2021-07-04T15:43:15+08:00][sql] SELECT * FROM `ss_links` [ RunTime:0.001467s ]
[2021-07-04T15:43:15+08:00][sql] SELECT * FROM `ss_links` WHERE  `uid` = 10 [ RunTime:0.000765s ]
[2021-07-04T15:43:15+08:00][sql] SELECT * FROM `ss_links` WHERE  `uid` = 1 [ RunTime:0.000531s ]
[2021-07-04T15:43:15+08:00][sql] SELECT * FROM `ss_links` WHERE  `uid` = 2 [ RunTime:0.000457s ]
[2021-07-04T15:43:15+08:00][sql] SELECT * FROM `ss_links` WHERE  `uid` = 3 [ RunTime:0.000528s ]
[2021-07-04T15:43:15+08:00][sql] SELECT * FROM `ss_links` WHERE  `uid` = 4 [ RunTime:0.000460s ]
[2021-07-04T15:43:15+08:00][sql] SELECT * FROM `ss_links` WHERE  `uid` = 5 [ RunTime:0.000421s ]
[2021-07-04T15:43:15+08:00][sql] SELECT * FROM `ss_links` WHERE  `uid` = 6 [ RunTime:0.000466s ]
[2021-07-04T15:43:15+08:00][sql] SELECT * FROM `ss_links` WHERE  `uid` = 7 [ RunTime:0.000488s ]
[2021-07-04T15:43:15+08:00][sql] SELECT * FROM `ss_links` WHERE  `uid` = 8 [ RunTime:0.000549s ]
[2021-07-04T15:43:15+08:00][sql] SELECT * FROM `ss_links` WHERE  `uid` = 9 [ RunTime:0.000470s ]
[2021-07-04T15:43:15+08:00][sql] SELECT * FROM `ss_links` WHERE  `uid` = 11 [ RunTime:0.000448s ]
[2021-07-04T15:43:15+08:00][sql] SELECT * FROM `ss_links` WHERE  `uid` = 12 [ RunTime:0.000492s ]
[2021-07-04T15:43:15+08:00][sql] SHOW FULL COLUMNS FROM `music_gedan` [ RunTime:0.000755s ]
[2021-07-04T15:43:15+08:00][sql] SELECT * FROM `music_gedan` WHERE  `moren_uid` = 1 [ RunTime:0.000487s ]
[2021-07-04T15:44:02+08:00][sql] CONNECT:[ UseTime:0.001063s ] mysql:host=127.0.0.1;port=3306;dbname=tp6_com;charset=utf8
[2021-07-04T15:44:02+08:00][sql] SHOW FULL COLUMNS FROM `ss_links` [ RunTime:0.002226s ]
[2021-07-04T15:44:02+08:00][sql] SELECT * FROM `ss_links` [ RunTime:0.003213s ]
[2021-07-04T15:44:02+08:00][sql] SELECT * FROM `ss_links` WHERE  `uid` = 10 [ RunTime:0.000759s ]
[2021-07-04T15:44:02+08:00][sql] SELECT * FROM `ss_links` WHERE  `uid` = 1 [ RunTime:0.001138s ]
[2021-07-04T15:44:02+08:00][sql] SELECT * FROM `ss_links` WHERE  `uid` = 2 [ RunTime:0.002535s ]
[2021-07-04T15:44:02+08:00][sql] SELECT * FROM `ss_links` WHERE  `uid` = 3 [ RunTime:0.002268s ]
[2021-07-04T15:44:02+08:00][sql] SELECT * FROM `ss_links` WHERE  `uid` = 4 [ RunTime:0.001446s ]
[2021-07-04T15:44:02+08:00][sql] SELECT * FROM `ss_links` WHERE  `uid` = 5 [ RunTime:0.001047s ]
[2021-07-04T15:44:02+08:00][sql] SELECT * FROM `ss_links` WHERE  `uid` = 6 [ RunTime:0.001689s ]
[2021-07-04T15:44:02+08:00][sql] SELECT * FROM `ss_links` WHERE  `uid` = 7 [ RunTime:0.001810s ]
[2021-07-04T15:44:02+08:00][sql] SELECT * FROM `ss_links` WHERE  `uid` = 8 [ RunTime:0.001472s ]
[2021-07-04T15:44:02+08:00][sql] SELECT * FROM `ss_links` WHERE  `uid` = 9 [ RunTime:0.001604s ]
[2021-07-04T15:44:02+08:00][sql] SELECT * FROM `ss_links` WHERE  `uid` = 11 [ RunTime:0.001195s ]
[2021-07-04T15:44:02+08:00][sql] SELECT * FROM `ss_links` WHERE  `uid` = 12 [ RunTime:0.001008s ]
[2021-07-04T15:44:02+08:00][sql] SHOW FULL COLUMNS FROM `music_gedan` [ RunTime:0.001413s ]
[2021-07-04T15:44:02+08:00][sql] SELECT * FROM `music_gedan` WHERE  `moren_uid` = 1 [ RunTime:0.000756s ]
[2021-07-04T15:44:02+08:00][sql] CONNECT:[ UseTime:0.000958s ] mysql:host=127.0.0.1;port=3306;dbname=tp6_com;charset=utf8
[2021-07-04T15:44:02+08:00][sql] SHOW FULL COLUMNS FROM `ss_links` [ RunTime:0.000986s ]
[2021-07-04T15:44:02+08:00][sql] SELECT * FROM `ss_links` [ RunTime:0.000743s ]
[2021-07-04T15:44:02+08:00][sql] SELECT * FROM `ss_links` WHERE  `uid` = 10 [ RunTime:0.000656s ]
[2021-07-04T15:44:02+08:00][sql] SELECT * FROM `ss_links` WHERE  `uid` = 1 [ RunTime:0.000656s ]
[2021-07-04T15:44:02+08:00][sql] SELECT * FROM `ss_links` WHERE  `uid` = 2 [ RunTime:0.000906s ]
[2021-07-04T15:44:02+08:00][sql] SELECT * FROM `ss_links` WHERE  `uid` = 3 [ RunTime:0.000781s ]
[2021-07-04T15:44:02+08:00][sql] SELECT * FROM `ss_links` WHERE  `uid` = 4 [ RunTime:0.000568s ]
[2021-07-04T15:44:02+08:00][sql] SELECT * FROM `ss_links` WHERE  `uid` = 5 [ RunTime:0.000567s ]
[2021-07-04T15:44:02+08:00][sql] SELECT * FROM `ss_links` WHERE  `uid` = 6 [ RunTime:0.000965s ]
[2021-07-04T15:44:02+08:00][sql] SELECT * FROM `ss_links` WHERE  `uid` = 7 [ RunTime:0.000839s ]
[2021-07-04T15:44:02+08:00][sql] SELECT * FROM `ss_links` WHERE  `uid` = 8 [ RunTime:0.002279s ]
[2021-07-04T15:44:02+08:00][sql] SELECT * FROM `ss_links` WHERE  `uid` = 9 [ RunTime:0.000941s ]
[2021-07-04T15:44:02+08:00][sql] SELECT * FROM `ss_links` WHERE  `uid` = 11 [ RunTime:0.000702s ]
[2021-07-04T15:44:02+08:00][sql] SELECT * FROM `ss_links` WHERE  `uid` = 12 [ RunTime:0.000483s ]
[2021-07-04T15:44:02+08:00][sql] SHOW FULL COLUMNS FROM `music_gedan` [ RunTime:0.000972s ]
[2021-07-04T15:44:02+08:00][sql] SELECT * FROM `music_gedan` WHERE  `moren_uid` = 1 [ RunTime:0.001060s ]
[2021-07-04T15:44:06+08:00][sql] CONNECT:[ UseTime:0.001605s ] mysql:host=127.0.0.1;port=3306;dbname=tp6_com;charset=utf8
[2021-07-04T15:44:06+08:00][sql] SHOW FULL COLUMNS FROM `ss_links` [ RunTime:0.002014s ]
[2021-07-04T15:44:06+08:00][sql] SELECT * FROM `ss_links` [ RunTime:0.003138s ]
[2021-07-04T15:44:06+08:00][sql] SELECT * FROM `ss_links` WHERE  `uid` = 10 [ RunTime:0.001557s ]
[2021-07-04T15:44:06+08:00][sql] SELECT * FROM `ss_links` WHERE  `uid` = 1 [ RunTime:0.001483s ]
[2021-07-04T15:44:06+08:00][sql] SELECT * FROM `ss_links` WHERE  `uid` = 2 [ RunTime:0.000830s ]
[2021-07-04T15:44:06+08:00][sql] SELECT * FROM `ss_links` WHERE  `uid` = 3 [ RunTime:0.000528s ]
[2021-07-04T15:44:06+08:00][sql] SELECT * FROM `ss_links` WHERE  `uid` = 4 [ RunTime:0.002086s ]
[2021-07-04T15:44:06+08:00][sql] SELECT * FROM `ss_links` WHERE  `uid` = 5 [ RunTime:0.001222s ]
[2021-07-04T15:44:06+08:00][sql] SELECT * FROM `ss_links` WHERE  `uid` = 6 [ RunTime:0.000805s ]
[2021-07-04T15:44:06+08:00][sql] SELECT * FROM `ss_links` WHERE  `uid` = 7 [ RunTime:0.001542s ]
[2021-07-04T15:44:06+08:00][sql] SELECT * FROM `ss_links` WHERE  `uid` = 8 [ RunTime:0.000663s ]
[2021-07-04T15:44:06+08:00][sql] SELECT * FROM `ss_links` WHERE  `uid` = 9 [ RunTime:0.001116s ]
[2021-07-04T15:44:06+08:00][sql] SELECT * FROM `ss_links` WHERE  `uid` = 11 [ RunTime:0.000791s ]
[2021-07-04T15:44:06+08:00][sql] SELECT * FROM `ss_links` WHERE  `uid` = 12 [ RunTime:0.000798s ]
[2021-07-04T15:44:06+08:00][sql] SHOW FULL COLUMNS FROM `music_gedan` [ RunTime:0.001400s ]
[2021-07-04T15:44:06+08:00][sql] SELECT * FROM `music_gedan` WHERE  `moren_uid` = 1 [ RunTime:0.000713s ]
