[2021-06-26T13:22:18+08:00][error] [0]Call to undefined method think\Db::table()[/www/wwwroot/tp66.cn/tp/app/controller/DataTest.php:13]
[2021-06-26T13:49:45+08:00][error] [0]Class 'app\controller\Db' not found[/www/wwwroot/tp66.cn/tp/app/controller/Data.php:9]
[2021-06-26T13:50:32+08:00][error] [0]Call to undefined method think\Db::table()[/www/wwwroot/tp66.cn/tp/app/controller/Data.php:12]
[2021-06-26T13:56:21+08:00][error] [0]Call to undefined method think\Db::table()[/www/wwwroot/tp66.cn/tp/app/controller/Data.php:12]
[2021-06-26T13:57:08+08:00][error] [0]Call to undefined method think\Db::table()[/www/wwwroot/tp66.cn/tp/app/controller/Data.php:12]
[2021-06-26T13:58:01+08:00][error] [0]Call to undefined method think\Db::class()[/www/wwwroot/tp66.cn/tp/app/controller/Data.php:11]
[2021-06-26T13:59:08+08:00][error] [8192]Non-static method think\DbManager::connect() should not be called statically[/www/wwwroot/tp66.cn/tp/app/controller/Data.php:13]
[2021-06-26T14:07:33+08:00][error] [8192]Non-static method think\DbManager::connect() should not be called statically[/www/wwwroot/tp66.cn/tp/app/controller/Data.php:13]
[2021-06-26T14:09:13+08:00][error] [0]语法错误: unexpected '\' (T_NS_SEPARATOR)[/www/wwwroot/tp66.cn/tp/app/controller/Data.php:13]
[2021-06-26T14:09:24+08:00][error] [0]语法错误: unexpected '\' (T_NS_SEPARATOR)[/www/wwwroot/tp66.cn/tp/app/controller/Data.php:13]
[2021-06-26T14:09:27+08:00][error] [0]语法错误: unexpected '\' (T_NS_SEPARATOR)[/www/wwwroot/tp66.cn/tp/app/controller/Data.php:13]
[2021-06-26T14:09:47+08:00][error] [8]Use of undefined constant tp_user - assumed 'tp_user'[/www/wwwroot/tp66.cn/tp/app/controller/Data.php:13]
[2021-06-26T14:09:59+08:00][error] [10501]SQLSTATE[HY000] [1045] Access denied for user 'username'@'localhost' (using password: YES)[/www/wwwroot/tp66.cn/tp/vendor/topthink/think-orm/src/db/PDOConnection.php:795]
[2021-06-26T14:10:41+08:00][error] [10501]SQLSTATE[HY000] [1045] Access denied for user 'username'@'localhost' (using password: YES)[/www/wwwroot/tp66.cn/tp/vendor/topthink/think-orm/src/db/PDOConnection.php:795]
[2021-06-26T14:12:14+08:00][error] [10501]SQLSTATE[HY000] [1045] Access denied for user 'username'@'localhost' (using password: YES)[/www/wwwroot/tp66.cn/tp/vendor/topthink/think-orm/src/db/PDOConnection.php:795]
[2021-06-26T14:12:16+08:00][error] [10501]SQLSTATE[HY000] [1045] Access denied for user 'username'@'localhost' (using password: YES)[/www/wwwroot/tp66.cn/tp/vendor/topthink/think-orm/src/db/PDOConnection.php:795]
[2021-06-26T14:13:30+08:00][error] [10501]SQLSTATE[HY000] [1045] Access denied for user 'username'@'localhost' (using password: YES)[/www/wwwroot/tp66.cn/tp/vendor/topthink/think-orm/src/db/PDOConnection.php:795]
[2021-06-26T14:14:05+08:00][error] [10501]SQLSTATE[HY000] [1045] Access denied for user 'username'@'localhost' (using password: YES)[/www/wwwroot/tp66.cn/tp/vendor/topthink/think-orm/src/db/PDOConnection.php:795]
[2021-06-26T14:15:28+08:00][error] [10501]SQLSTATE[HY000] [1045] Access denied for user 'username'@'localhost' (using password: YES)[/www/wwwroot/tp66.cn/tp/vendor/topthink/think-orm/src/db/PDOConnection.php:795]
[2021-06-26T14:22:36+08:00][error] [10501]SQLSTATE[HY000] [1045] Access denied for user 'username'@'localhost' (using password: YES)[/www/wwwroot/tp66.cn/tp/vendor/topthink/think-orm/src/db/PDOConnection.php:795]
[2021-06-26T14:23:07+08:00][error] [10501]SQLSTATE[HY000] [1045] Access denied for user 'username'@'localhost' (using password: YES)[/www/wwwroot/tp66.cn/tp/vendor/topthink/think-orm/src/db/PDOConnection.php:795]
[2021-06-26T14:23:12+08:00][error] [10501]SQLSTATE[HY000] [1045] Access denied for user 'username'@'localhost' (using password: YES)[/www/wwwroot/tp66.cn/tp/vendor/topthink/think-orm/src/db/PDOConnection.php:795]
[2021-06-26T14:23:41+08:00][error] [10501]SQLSTATE[HY000] [1045] Access denied for user 'username'@'localhost' (using password: YES)[/www/wwwroot/tp66.cn/tp/vendor/topthink/think-orm/src/db/PDOConnection.php:795]
[2021-06-26T14:34:08+08:00][error] [10501]SQLSTATE[HY000] [1045] Access denied for user 'username'@'localhost' (using password: YES)[/www/wwwroot/tp66.cn/tp/vendor/topthink/think-orm/src/db/PDOConnection.php:795]
[2021-06-26T14:34:20+08:00][error] [10501]SQLSTATE[HY000] [1045] Access denied for user 'username'@'localhost' (using password: YES)[/www/wwwroot/tp66.cn/tp/vendor/topthink/think-orm/src/db/PDOConnection.php:795]
[2021-06-26T14:44:00+08:00][error] [10501]SQLSTATE[HY000] [1045] Access denied for user 'username'@'localhost' (using password: YES)[/www/wwwroot/tp66.cn/tp/vendor/topthink/think-orm/src/db/PDOConnection.php:795]
[2021-06-26T14:44:48+08:00][error] [10501]SQLSTATE[HY000] [1045] Access denied for user 'username'@'localhost' (using password: YES)[/www/wwwroot/tp66.cn/tp/vendor/topthink/think-orm/src/db/PDOConnection.php:795]
[2021-06-26T14:52:44+08:00][error] [0]Too few arguments to function think\db\BaseQuery::where(), 0 passed in /www/wwwroot/tp66.cn/tp/app/controller/Data.php on line 14 and at least 1 expected
[2021-06-26T16:28:11+08:00][error] [0]Call to undefined method app\controller\Index::display()[/www/wwwroot/tp66.cn/tp/app/controller/Index.php:11]
[2021-06-26T16:36:40+08:00][error] [0]语法错误: unexpected '>'[/www/wwwroot/tp66.cn/tp/app/controller/Index.php:19]
[2021-06-26T16:37:51+08:00][error] [0]语法错误: unexpected '<', expecting ';'[/www/wwwroot/tp66.cn/tp/app/controller/Index.php:12]
